2018-08-09 11:21:36,369 - append_predict.main - INFO - qnm123456qnm not start
2018-08-09 11:22:02,161 - append_predict.main - DEBUG - thread is not alive start!!!
2018-08-09 11:28:14,461 - append_predict.main - INFO - qnm123456qnm not start
2018-08-09 11:28:54,150 - append_predict.main - DEBUG - thread is not alive start!!!
2018-08-09 11:30:51,891 - append_predict.main - INFO - qnm123456qnm not start
2018-08-09 11:31:10,897 - append_predict.main - DEBUG - thread is not alive start!!!
2018-08-09 11:31:47,851 - append_predict.main - DEBUG - predicts is null
2018-08-09 11:34:24,605 - append_predict.main - INFO - qnm123456qnm not start
2018-08-09 11:34:39,538 - append_predict.main - DEBUG - thread is not alive start!!!
2018-08-09 11:35:18,148 - append_predict.main - DEBUG - predicts is null
2018-08-09 11:40:24,109 - append_predict.main - INFO - qnm123456qnm not start
2018-08-09 11:40:38,352 - append_predict.main - DEBUG - thread is not alive start!!!
2018-08-09 11:41:13,694 - append_predict.main - DEBUG - predicts is null
2018-08-09 11:43:00,111 - append_predict.main - INFO - qnm123456qnm not start
2018-08-09 11:43:15,520 - append_predict.main - DEBUG - thread is not alive start!!!
2018-08-09 11:43:52,663 - append_predict.main - DEBUG - predicts is null
2018-08-09 11:44:45,082 - append_predict.main - INFO - qnm123456qnm not start
2018-08-09 11:44:45,082 - append_predict.main - INFO - qnm123456qnm not start
2018-08-09 11:45:06,309 - append_predict.main - INFO - qnm123456qnm not start
2018-08-09 11:45:21,696 - append_predict.main - DEBUG - thread is not alive start!!!
2018-08-09 11:46:04,805 - append_predict.main - DEBUG - predicts is null
2018-08-09 11:49:09,371 - append_predict.main - INFO - qnm123456qnm not start
2018-08-09 11:49:24,614 - append_predict.main - DEBUG - thread is not alive start!!!
2018-08-09 11:49:24,615 - append_predict.thread - INFO - start purchase
2018-08-09 11:50:33,688 - append_predict.thread - INFO - start purchase
2018-08-09 11:51:51,601 - append_predict.main - INFO - qnm123456qnm not start
2018-08-09 11:52:06,384 - append_predict.main - DEBUG - thread is not alive start!!!
2018-08-09 11:52:06,384 - append_predict.thread - INFO - start purchase
2018-08-09 11:53:15,066 - append_predict.thread - INFO - start purchase
2018-08-09 11:54:17,641 - append_predict.thread - INFO - start purchase
2018-08-09 11:55:30,427 - append_predict.thread - INFO - start purchase
2018-08-09 11:56:33,309 - append_predict.thread - INFO - start purchase
2018-08-09 11:57:36,431 - append_predict.main - INFO - qnm123456qnm not start
2018-08-09 11:57:52,066 - append_predict.main - DEBUG - thread is not alive start!!!
2018-08-09 11:57:52,068 - append_predict.thread - INFO - start purchase
2018-08-09 11:58:55,964 - append_predict.thread - INFO - start purchase
2018-08-09 12:06:37,572 - append_predict.main - INFO - qnm123456qnm not start
2018-08-09 12:06:51,630 - append_predict.main - DEBUG - thread is not alive start!!!
2018-08-09 12:06:51,631 - append_predict.thread - INFO - start purchase
2018-08-09 12:10:46,744 - append_predict.main - INFO - qnm123456qnm not start
2018-08-09 12:11:02,512 - append_predict.main - DEBUG - thread is not alive start!!!
2018-08-09 12:11:02,513 - append_predict.thread - INFO - start purchase
2018-08-09 12:11:58,614 - append_predict.main - INFO - qnm123456qnm not start
2018-08-09 12:12:13,664 - append_predict.main - DEBUG - thread is not alive start!!!
2018-08-09 12:12:13,664 - append_predict.thread - INFO - start purchase
2018-08-09 12:13:20,088 - append_predict.thread - INFO - start purchase
2018-08-09 12:14:37,171 - append_predict.main - INFO - qnm123456qnm not start
2018-08-09 12:14:52,907 - append_predict.main - DEBUG - thread is not alive start!!!
2018-08-09 12:14:52,907 - append_predict.thread - INFO - start purchase
2018-08-09 12:16:00,209 - append_predict.thread - INFO - start purchase
2018-08-09 12:17:08,220 - append_predict.thread - INFO - start purchase
2018-08-09 12:18:14,970 - append_predict.thread - INFO - start purchase
2018-08-09 12:22:14,135 - append_predict.main - INFO - qnm123456qnm not start
2018-08-09 12:22:31,062 - append_predict.main - DEBUG - thread is not alive start!!!
2018-08-09 12:22:31,062 - append_predict.thread - INFO - start purchase
2018-08-09 12:23:11,573 - append_predict.thread - INFO - start purchase
2018-08-09 12:23:51,772 - append_predict.thread - INFO - start purchase
2018-08-09 12:24:11,956 - append_predict.main - INFO - qnm123456qnm not start
2018-08-09 12:24:27,664 - append_predict.main - DEBUG - thread is not alive start!!!
2018-08-09 12:24:27,665 - append_predict.thread - INFO - start purchase
2018-08-09 14:39:43,061 - append_predict.main - INFO - qnm123456qnm not start
2018-08-09 14:40:00,986 - append_predict.main - DEBUG - thread is not alive start!!!
2018-08-09 14:40:00,987 - append_predict.thread - INFO - start purchase
2018-08-09 14:40:25,969 - append_predict.main - DEBUG - predicts is null
2018-08-09 14:40:25,970 - append_predict.main - DEBUG - lottery_id: 0
2018-08-09 14:40:35,973 - append_predict.main - DEBUG - no predict record in history
2018-08-09 14:44:40,746 - append_predict.main - INFO - qnm123456qnm not start
2018-08-09 14:44:41,178 - append_predict.main - INFO - qnm123456qnm not start
2018-08-09 14:44:57,344 - append_predict.main - DEBUG - thread is not alive start!!!
2018-08-09 14:44:57,346 - append_predict.thread - INFO - start purchase
2018-08-09 14:45:08,292 - append_predict.main - DEBUG - predicts is null
2018-08-09 14:45:08,292 - append_predict.main - DEBUG - lottery_id: 0
2018-08-09 14:45:18,293 - append_predict.main - DEBUG - no predict record in history
2018-08-09 14:54:21,217 - append_predict.main - INFO - qnm123456qnm not start
2018-08-09 14:54:38,210 - append_predict.main - DEBUG - thread is not alive start!!!
2018-08-09 14:54:38,210 - append_predict.thread - INFO - start purchase
2018-08-09 14:54:49,131 - append_predict.main - DEBUG - predicts is null
2018-08-09 14:54:49,131 - append_predict.main - DEBUG - lottery_id: 0
2018-08-09 14:54:59,132 - append_predict.main - DEBUG - no predict record in history
2018-08-09 14:56:21,092 - append_predict.main - INFO - qnm123456qnm not start
2018-08-09 14:56:36,177 - append_predict.main - DEBUG - thread is not alive start!!!
2018-08-09 14:56:36,177 - append_predict.thread - INFO - start purchase
2018-08-09 14:56:46,466 - append_predict.main - DEBUG - predicts is null
2018-08-09 14:56:46,466 - append_predict.main - DEBUG - lottery_id: 0
2018-08-09 14:56:56,467 - append_predict.main - DEBUG - no predict record in history
2018-08-09 14:57:23,346 - append_predict.main - INFO - qnm123456qnm not start
2018-08-09 14:57:38,256 - append_predict.main - DEBUG - thread is not alive start!!!
2018-08-09 14:57:38,256 - append_predict.thread - INFO - start purchase
2018-08-09 14:57:48,631 - append_predict.main - DEBUG - predicts is null
2018-08-09 14:57:48,631 - append_predict.main - DEBUG - lottery_id: 0
2018-08-09 14:58:15,282 - append_predict.main - INFO - qnm123456qnm not start
2018-08-09 14:58:30,131 - append_predict.main - DEBUG - thread is not alive start!!!
2018-08-09 14:58:30,131 - append_predict.thread - INFO - start purchase
2018-08-09 14:58:40,400 - append_predict.main - DEBUG - predicts is null
2018-08-09 14:58:40,401 - append_predict.main - DEBUG - lottery_id: 0
2018-08-09 14:58:50,403 - append_predict.main - DEBUG - no predict record in history
2018-08-09 15:02:58,996 - append_predict.main - INFO - qnm123456qnm not start
2018-08-09 15:03:15,966 - append_predict.main - DEBUG - thread is not alive start!!!
2018-08-09 15:03:15,971 - append_predict.thread - INFO - start purchase
2018-08-09 15:04:18,131 - append_predict.main - DEBUG - predicts is null
2018-08-09 15:04:18,131 - append_predict.main - DEBUG - lottery_id: 0
2018-08-09 15:04:28,132 - append_predict.main - DEBUG - no predict record in history
2018-08-09 15:16:41,615 - append_predict.main - INFO - qnm123456qnm not start
2018-08-09 15:16:57,596 - append_predict.main - DEBUG - thread is not alive start!!!
2018-08-09 15:16:57,598 - append_predict.thread - INFO - start purchase
2018-08-09 15:18:10,614 - append_predict.main - DEBUG - predicts is null
2018-08-09 15:18:10,615 - append_predict.main - DEBUG - lottery_id: 0
2018-08-09 15:18:20,615 - append_predict.main - DEBUG - no predict record in history
2018-08-09 15:18:20,670 - append_predict.main - INFO - save predict_lottery_id : 201808090437
2018-08-09 15:18:20,670 - append_predict.main - INFO - save purchase_number_list : []
2018-08-09 15:18:20,756 - append_predict.thread - INFO - start purchase
2018-08-09 15:19:18,690 - append_predict.main - DEBUG - predicts is null
2018-08-09 15:19:18,690 - append_predict.main - DEBUG - lottery_id: 0
2018-08-09 15:19:28,691 - append_predict.main - DEBUG - no predict record in history
2018-08-09 15:19:28,740 - append_predict.main - INFO - save predict_lottery_id : 201808090439
2018-08-09 15:19:28,740 - append_predict.main - INFO - save purchase_number_list : []
2018-08-09 15:19:28,815 - append_predict.thread - INFO - start purchase
2018-08-09 15:20:27,322 - append_predict.main - DEBUG - predicts is null
2018-08-09 15:20:27,323 - append_predict.main - DEBUG - lottery_id: 0
2018-08-09 15:20:37,325 - append_predict.main - DEBUG - no predict record in history
2018-08-09 15:20:37,372 - append_predict.main - INFO - save predict_lottery_id : 201808090440
2018-08-09 15:20:37,374 - append_predict.main - INFO - save purchase_number_list : []
2018-08-09 15:20:37,470 - append_predict.thread - INFO - start purchase
2018-08-09 15:21:29,581 - append_predict.main - DEBUG - predicts is null
2018-08-09 15:21:29,581 - append_predict.main - DEBUG - lottery_id: 0
2018-08-09 15:21:39,582 - append_predict.main - DEBUG - no predict record in history
2018-08-09 15:21:39,630 - append_predict.main - INFO - save predict_lottery_id : 201808090441
2018-08-09 15:21:39,631 - append_predict.main - INFO - save purchase_number_list : []
2018-08-09 15:21:39,710 - append_predict.thread - INFO - start purchase
2018-08-09 15:22:32,292 - append_predict.main - DEBUG - predicts is null
2018-08-09 15:22:32,292 - append_predict.main - DEBUG - lottery_id: 0
2018-08-09 15:22:42,292 - append_predict.main - DEBUG - no predict record in history
2018-08-09 15:22:42,351 - append_predict.main - INFO - save predict_lottery_id : 201808090442
2018-08-09 15:22:42,351 - append_predict.main - INFO - save purchase_number_list : []
2018-08-09 15:22:42,431 - append_predict.thread - INFO - start purchase
2018-08-09 15:23:36,852 - append_predict.main - DEBUG - predicts is null
2018-08-09 15:23:36,852 - append_predict.main - DEBUG - lottery_id: 0
2018-08-09 15:23:46,855 - append_predict.main - DEBUG - no predict record in history
2018-08-09 15:23:46,903 - append_predict.main - INFO - save predict_lottery_id : 201808090443
2018-08-09 15:23:46,903 - append_predict.main - INFO - save purchase_number_list : []
2018-08-09 15:23:46,982 - append_predict.thread - INFO - start purchase
2018-08-09 15:24:40,871 - append_predict.main - DEBUG - predicts is null
2018-08-09 15:24:40,871 - append_predict.main - DEBUG - lottery_id: 0
2018-08-09 15:24:50,872 - append_predict.main - DEBUG - no predict record in history
2018-08-09 15:24:50,917 - append_predict.main - INFO - save predict_lottery_id : 201808090444
2018-08-09 15:24:50,918 - append_predict.main - INFO - save purchase_number_list : []
2018-08-09 15:24:51,051 - append_predict.thread - INFO - start purchase
2018-08-09 15:26:03,209 - append_predict.main - DEBUG - predicts is null
2018-08-09 15:26:03,210 - append_predict.main - DEBUG - lottery_id: 0
2018-08-09 15:26:13,213 - append_predict.main - DEBUG - no predict record in history
2018-08-09 15:26:13,259 - append_predict.main - INFO - save predict_lottery_id : 201808090445
2018-08-09 15:26:13,259 - append_predict.main - INFO - save purchase_number_list : []
2018-08-09 15:26:13,358 - append_predict.thread - INFO - start purchase
2018-08-09 15:27:13,028 - append_predict.main - DEBUG - predicts is null
2018-08-09 15:27:13,028 - append_predict.main - DEBUG - lottery_id: 0
2018-08-09 15:27:23,029 - append_predict.main - DEBUG - no predict record in history
2018-08-09 15:27:23,084 - append_predict.main - INFO - save predict_lottery_id : 201808090447
2018-08-09 15:27:23,085 - append_predict.main - INFO - save purchase_number_list : []
2018-08-09 15:27:23,154 - append_predict.thread - INFO - start purchase
2018-08-09 15:28:20,994 - append_predict.main - DEBUG - predicts is null
2018-08-09 15:28:20,996 - append_predict.main - DEBUG - lottery_id: 0
2018-08-09 15:28:30,996 - append_predict.main - DEBUG - no predict record in history
2018-08-09 15:28:31,040 - append_predict.main - INFO - save predict_lottery_id : 201808090448
2018-08-09 15:28:31,040 - append_predict.main - INFO - save purchase_number_list : []
2018-08-09 15:28:31,112 - append_predict.thread - INFO - start purchase
2018-08-09 15:29:34,030 - append_predict.main - DEBUG - predicts is null
2018-08-09 15:29:34,033 - append_predict.main - DEBUG - lottery_id: 0
2018-08-09 15:29:44,035 - append_predict.main - DEBUG - no predict record in history
2018-08-09 15:29:44,084 - append_predict.main - INFO - save predict_lottery_id : 201808090449
2018-08-09 15:29:44,084 - append_predict.main - INFO - save purchase_number_list : []
2018-08-09 15:29:44,161 - append_predict.thread - INFO - start purchase
2018-08-09 15:30:58,533 - append_predict.main - DEBUG - predicts is null
2018-08-09 15:30:58,533 - append_predict.main - DEBUG - lottery_id: 0
2018-08-09 15:31:08,535 - append_predict.main - DEBUG - no predict record in history
2018-08-09 15:31:08,578 - append_predict.main - INFO - save predict_lottery_id : 201808090450
2018-08-09 15:31:08,579 - append_predict.main - INFO - save purchase_number_list : []
2018-08-09 15:31:08,648 - append_predict.thread - INFO - start purchase
2018-08-09 15:32:08,426 - append_predict.main - DEBUG - predicts is null
2018-08-09 15:32:08,426 - append_predict.main - DEBUG - lottery_id: 0
2018-08-09 15:32:18,427 - append_predict.main - DEBUG - no predict record in history
2018-08-09 15:32:18,490 - append_predict.main - INFO - save predict_lottery_id : 201808090452
2018-08-09 15:32:18,490 - append_predict.main - INFO - save purchase_number_list : []
2018-08-09 15:32:18,575 - append_predict.thread - INFO - start purchase
2018-08-09 15:33:16,778 - append_predict.main - DEBUG - predicts is null
2018-08-09 15:33:16,778 - append_predict.main - DEBUG - lottery_id: 0
2018-08-09 15:33:26,779 - append_predict.main - DEBUG - no predict record in history
2018-08-09 15:33:26,838 - append_predict.main - INFO - save predict_lottery_id : 201808090453
2018-08-09 15:33:26,839 - append_predict.main - INFO - save purchase_number_list : []
2018-08-09 15:33:26,960 - append_predict.thread - INFO - start purchase
2018-08-09 15:34:27,505 - append_predict.main - DEBUG - predicts is null
2018-08-09 15:34:27,505 - append_predict.main - DEBUG - lottery_id: 0
2018-08-09 15:34:37,506 - append_predict.main - DEBUG - no predict record in history
2018-08-09 15:34:37,562 - append_predict.main - INFO - save predict_lottery_id : 201808090454
2018-08-09 15:34:37,563 - append_predict.main - INFO - save purchase_number_list : []
2018-08-09 15:34:37,704 - append_predict.thread - INFO - start purchase
2018-08-09 15:35:34,305 - append_predict.main - DEBUG - predicts is null
2018-08-09 15:35:34,305 - append_predict.main - DEBUG - lottery_id: 0
2018-08-09 15:35:44,306 - append_predict.main - DEBUG - no predict record in history
2018-08-09 15:35:44,359 - append_predict.main - INFO - save predict_lottery_id : 201808090455
2018-08-09 15:35:44,361 - append_predict.main - INFO - save purchase_number_list : []
2018-08-09 15:35:44,453 - append_predict.thread - INFO - start purchase
2018-08-09 15:36:38,111 - append_predict.main - DEBUG - predicts is null
2018-08-09 15:36:38,112 - append_predict.main - DEBUG - lottery_id: 0
2018-08-09 15:36:48,114 - append_predict.main - DEBUG - no predict record in history
2018-08-09 15:36:48,164 - append_predict.main - INFO - save predict_lottery_id : 201808090456
2018-08-09 15:36:48,164 - append_predict.main - INFO - save purchase_number_list : []
2018-08-09 15:36:48,269 - append_predict.thread - INFO - start purchase
2018-08-09 15:37:45,381 - append_predict.main - DEBUG - predicts is null
2018-08-09 15:37:45,382 - append_predict.main - DEBUG - lottery_id: 0
2018-08-09 15:37:55,384 - append_predict.main - DEBUG - no predict record in history
2018-08-09 15:37:55,427 - append_predict.main - INFO - save predict_lottery_id : 201808090457
2018-08-09 15:37:55,427 - append_predict.main - INFO - save purchase_number_list : []
2018-08-09 15:37:55,588 - append_predict.thread - INFO - start purchase
2018-08-09 15:39:56,417 - append_predict.main - DEBUG - predicts is null
2018-08-09 15:39:56,417 - append_predict.main - DEBUG - lottery_id: 0
2018-08-09 15:40:06,418 - append_predict.main - DEBUG - no predict record in history
2018-08-09 15:40:06,470 - append_predict.main - INFO - save predict_lottery_id : 201808090458
2018-08-09 15:40:06,470 - append_predict.main - INFO - save purchase_number_list : []
2018-08-09 15:40:06,559 - append_predict.thread - INFO - start purchase
2018-08-09 15:41:17,095 - append_predict.main - DEBUG - predicts is null
2018-08-09 15:41:17,095 - append_predict.main - DEBUG - lottery_id: 0
2018-08-09 15:41:27,098 - append_predict.main - DEBUG - no predict record in history
2018-08-09 15:41:27,148 - append_predict.main - INFO - save predict_lottery_id : 201808090461
2018-08-09 15:41:27,148 - append_predict.main - INFO - save purchase_number_list : []
2018-08-09 15:41:27,232 - append_predict.thread - INFO - start purchase
2018-08-09 15:42:27,760 - append_predict.main - DEBUG - predicts is null
2018-08-09 15:42:27,762 - append_predict.main - DEBUG - lottery_id: 0
2018-08-09 15:42:37,763 - append_predict.main - DEBUG - no predict record in history
2018-08-09 15:42:37,815 - append_predict.main - INFO - save predict_lottery_id : 201808090462
2018-08-09 15:42:37,815 - append_predict.main - INFO - save purchase_number_list : []
2018-08-09 15:42:38,374 - append_predict.thread - INFO - start purchase
2018-08-09 15:44:16,790 - append_predict.main - DEBUG - predicts is null
2018-08-09 15:44:16,790 - append_predict.main - DEBUG - lottery_id: 0
2018-08-09 15:44:26,792 - append_predict.main - DEBUG - no predict record in history
2018-08-09 15:44:26,838 - append_predict.main - INFO - save predict_lottery_id : 201808090463
2018-08-09 15:44:26,838 - append_predict.main - INFO - save purchase_number_list : []
2018-08-09 15:44:26,914 - append_predict.thread - INFO - start purchase
2018-08-09 15:45:32,786 - append_predict.main - DEBUG - predicts is null
2018-08-09 15:45:32,786 - append_predict.main - DEBUG - lottery_id: 0
2018-08-09 15:45:42,789 - append_predict.main - DEBUG - no predict record in history
2018-08-09 15:45:42,851 - append_predict.main - INFO - save predict_lottery_id : 201808090465
2018-08-09 15:45:42,851 - append_predict.main - INFO - save purchase_number_list : []
2018-08-09 15:45:43,006 - append_predict.thread - INFO - start purchase
2018-08-09 15:46:43,862 - append_predict.main - DEBUG - predicts is null
2018-08-09 15:46:43,862 - append_predict.main - DEBUG - lottery_id: 0
2018-08-09 15:46:53,865 - append_predict.main - DEBUG - no predict record in history
2018-08-09 15:46:53,937 - append_predict.main - INFO - save predict_lottery_id : 201808090466
2018-08-09 15:46:53,948 - append_predict.main - INFO - save purchase_number_list : []
2018-08-09 15:46:54,032 - append_predict.thread - INFO - start purchase
2018-08-09 15:48:01,740 - append_predict.main - DEBUG - predicts is null
2018-08-09 15:48:01,740 - append_predict.main - DEBUG - lottery_id: 0
2018-08-09 15:48:11,740 - append_predict.main - DEBUG - no predict record in history
2018-08-09 15:48:11,789 - append_predict.main - INFO - save predict_lottery_id : 201808090467
2018-08-09 15:48:11,789 - append_predict.main - INFO - save purchase_number_list : []
2018-08-09 15:48:11,878 - append_predict.thread - INFO - start purchase
2018-08-09 15:49:44,895 - append_predict.main - DEBUG - predicts is null
2018-08-09 15:49:44,895 - append_predict.main - DEBUG - lottery_id: 0
2018-08-09 15:49:54,898 - append_predict.main - DEBUG - no predict record in history
2018-08-09 15:49:54,963 - append_predict.main - INFO - save predict_lottery_id : 201808090469
2018-08-09 15:49:54,963 - append_predict.main - INFO - save purchase_number_list : []
2018-08-09 15:49:55,088 - append_predict.thread - INFO - start purchase
2018-08-09 15:51:12,372 - append_predict.main - DEBUG - predicts is null
2018-08-09 15:51:12,378 - append_predict.main - DEBUG - lottery_id: 0
2018-08-09 15:51:22,380 - append_predict.main - DEBUG - no predict record in history
2018-08-09 15:51:22,433 - append_predict.main - INFO - save predict_lottery_id : 201808090470
2018-08-09 15:51:22,433 - append_predict.main - INFO - save purchase_number_list : []
2018-08-09 15:51:22,512 - append_predict.thread - INFO - start purchase
2018-08-09 15:52:33,940 - append_predict.main - DEBUG - predicts is null
2018-08-09 15:52:33,940 - append_predict.main - DEBUG - lottery_id: 0
2018-08-09 15:52:43,941 - append_predict.main - DEBUG - no predict record in history
2018-08-09 15:52:44,052 - append_predict.main - INFO - save predict_lottery_id : 201808090472
2018-08-09 15:52:44,052 - append_predict.main - INFO - save purchase_number_list : []
2018-08-09 15:52:44,125 - append_predict.thread - INFO - start purchase
2018-08-09 15:53:46,943 - append_predict.main - DEBUG - predicts is null
2018-08-09 15:53:46,943 - append_predict.main - DEBUG - lottery_id: 0
2018-08-09 15:53:56,944 - append_predict.main - DEBUG - no predict record in history
2018-08-09 15:53:57,003 - append_predict.main - INFO - save predict_lottery_id : 201808090473
2018-08-09 15:53:57,003 - append_predict.main - INFO - save purchase_number_list : [0]
2018-08-09 15:53:57,145 - append_predict.thread - INFO - start purchase
2018-08-09 15:55:00,494 - append_predict.main - DEBUG - predicts is null
2018-08-09 15:55:00,494 - append_predict.main - DEBUG - lottery_id: 0
2018-08-09 15:55:10,496 - append_predict.main - DEBUG - no predict record in history
2018-08-09 15:55:10,556 - append_predict.main - INFO - save predict_lottery_id : 201808090474
2018-08-09 15:55:10,556 - append_predict.main - INFO - save purchase_number_list : [1]
2018-08-09 15:55:10,651 - append_predict.thread - INFO - start purchase
2018-08-09 15:56:10,058 - append_predict.main - DEBUG - predicts is null
2018-08-09 15:56:10,058 - append_predict.main - DEBUG - lottery_id: 0
2018-08-09 15:56:20,059 - append_predict.main - DEBUG - no predict record in history
2018-08-09 15:56:20,121 - append_predict.main - INFO - save predict_lottery_id : 201808090476
2018-08-09 15:56:20,122 - append_predict.main - INFO - save purchase_number_list : []
2018-08-09 15:56:20,213 - append_predict.thread - INFO - start purchase
2018-08-09 15:57:35,404 - append_predict.main - DEBUG - predicts is null
2018-08-09 15:57:35,404 - append_predict.main - DEBUG - lottery_id: 0
2018-08-09 15:57:45,404 - append_predict.main - DEBUG - no predict record in history
2018-08-09 15:57:45,476 - append_predict.main - INFO - save predict_lottery_id : 201808090477
2018-08-09 15:57:45,476 - append_predict.main - INFO - save purchase_number_list : []
2018-08-09 15:57:45,552 - append_predict.thread - INFO - start purchase
2018-08-09 15:58:55,819 - append_predict.main - DEBUG - predicts is null
2018-08-09 15:58:55,819 - append_predict.main - DEBUG - lottery_id: 0
2018-08-09 15:59:05,826 - append_predict.main - DEBUG - no predict record in history
2018-08-09 15:59:05,884 - append_predict.main - INFO - save predict_lottery_id : 201808090478
2018-08-09 15:59:05,884 - append_predict.main - INFO - save purchase_number_list : []
2018-08-09 15:59:05,989 - append_predict.thread - INFO - start purchase
2018-08-09 16:00:23,049 - append_predict.main - DEBUG - predicts is null
2018-08-09 16:00:23,049 - append_predict.main - DEBUG - lottery_id: 0
2018-08-09 16:00:33,051 - append_predict.main - DEBUG - no predict record in history
2018-08-09 16:00:33,108 - append_predict.main - INFO - save predict_lottery_id : 201808090480
2018-08-09 16:00:33,108 - append_predict.main - INFO - save purchase_number_list : []
2018-08-09 16:00:33,207 - append_predict.thread - INFO - start purchase
2018-08-09 16:01:34,788 - append_predict.main - DEBUG - predicts is null
2018-08-09 16:01:34,789 - append_predict.main - DEBUG - lottery_id: 0
2018-08-09 16:01:44,789 - append_predict.main - DEBUG - no predict record in history
2018-08-09 16:01:44,836 - append_predict.main - INFO - save predict_lottery_id : 201808090481
2018-08-09 16:01:44,838 - append_predict.main - INFO - save purchase_number_list : []
2018-08-09 16:01:44,924 - append_predict.thread - INFO - start purchase
2018-08-09 16:03:01,506 - append_predict.main - DEBUG - predicts is null
2018-08-09 16:03:01,506 - append_predict.main - DEBUG - lottery_id: 0
2018-08-09 16:03:11,509 - append_predict.main - DEBUG - no predict record in history
2018-08-09 16:03:11,555 - append_predict.main - INFO - save predict_lottery_id : 201808090482
2018-08-09 16:03:11,555 - append_predict.main - INFO - save purchase_number_list : []
2018-08-09 16:03:11,650 - append_predict.thread - INFO - start purchase
2018-08-09 16:04:27,592 - append_predict.main - DEBUG - predicts is null
2018-08-09 16:04:27,594 - append_predict.main - DEBUG - lottery_id: 0
2018-08-09 16:04:37,595 - append_predict.main - DEBUG - no predict record in history
2018-08-09 16:04:37,644 - append_predict.main - INFO - save predict_lottery_id : 201808090484
2018-08-09 16:04:37,644 - append_predict.main - INFO - save purchase_number_list : []
2018-08-09 16:04:37,750 - append_predict.thread - INFO - start purchase
2018-08-09 16:05:43,618 - append_predict.main - DEBUG - predicts is null
2018-08-09 16:05:43,618 - append_predict.main - DEBUG - lottery_id: 0
2018-08-09 16:05:53,619 - append_predict.main - DEBUG - no predict record in history
2018-08-09 16:05:53,674 - append_predict.main - INFO - save predict_lottery_id : 201808090485
2018-08-09 16:05:53,674 - append_predict.main - INFO - save purchase_number_list : []
2018-08-09 16:05:53,756 - append_predict.thread - INFO - start purchase
2018-08-09 16:06:53,303 - append_predict.main - DEBUG - predicts is null
2018-08-09 16:06:53,303 - append_predict.main - DEBUG - lottery_id: 0
2018-08-09 16:07:03,305 - append_predict.main - DEBUG - no predict record in history
2018-08-09 16:07:03,378 - append_predict.main - INFO - save predict_lottery_id : 201808090486
2018-08-09 16:07:03,380 - append_predict.main - INFO - save purchase_number_list : []
2018-08-09 16:07:03,466 - append_predict.thread - INFO - start purchase
2018-08-09 16:08:17,861 - append_predict.main - DEBUG - predicts is null
2018-08-09 16:08:17,861 - append_predict.main - DEBUG - lottery_id: 0
2018-08-09 16:08:27,862 - append_predict.main - DEBUG - no predict record in history
2018-08-09 16:08:27,924 - append_predict.main - INFO - save predict_lottery_id : 201808090487
2018-08-09 16:08:27,924 - append_predict.main - INFO - save purchase_number_list : []
2018-08-09 16:08:28,578 - append_predict.thread - INFO - start purchase
2018-08-09 16:09:40,417 - append_predict.main - DEBUG - predicts is null
2018-08-09 16:09:40,417 - append_predict.main - DEBUG - lottery_id: 0
2018-08-09 16:09:50,417 - append_predict.main - DEBUG - no predict record in history
2018-08-09 16:09:50,484 - append_predict.main - INFO - save predict_lottery_id : 201808090489
2018-08-09 16:09:50,486 - append_predict.main - INFO - save purchase_number_list : []
2018-08-09 16:09:50,588 - append_predict.thread - INFO - start purchase
2018-08-09 16:11:01,148 - append_predict.main - DEBUG - predicts is null
2018-08-09 16:11:01,148 - append_predict.main - DEBUG - lottery_id: 0
2018-08-09 16:11:11,150 - append_predict.main - DEBUG - no predict record in history
2018-08-09 16:11:11,194 - append_predict.main - INFO - save predict_lottery_id : 201808090490
2018-08-09 16:11:11,196 - append_predict.main - INFO - save purchase_number_list : []
2018-08-09 16:11:11,283 - append_predict.thread - INFO - start purchase
2018-08-09 16:12:16,812 - append_predict.main - DEBUG - predicts is null
2018-08-09 16:12:16,813 - append_predict.main - DEBUG - lottery_id: 0
2018-08-09 16:24:30,328 - append_predict.main - INFO - qnm123456qnm not start
2018-08-09 16:24:48,095 - append_predict.main - DEBUG - thread is not alive start!!!
2018-08-09 16:24:48,096 - append_predict.thread - INFO - start purchase
2018-08-09 16:24:59,638 - append_predict.main - DEBUG - predicts is null
2018-08-09 16:24:59,638 - append_predict.main - DEBUG - lottery_id: 0
2018-08-09 16:25:09,641 - append_predict.main - DEBUG - no predict record in history
2018-08-09 16:25:09,707 - append_predict.main - INFO - save predict_lottery_id : 201808090505
2018-08-09 16:25:09,707 - append_predict.main - INFO - save purchase_number_list : [-1, -1, -1, 1, -1]
2018-08-09 16:25:09,799 - append_predict.thread - INFO - start purchase
2018-08-09 16:25:20,160 - append_predict.main - DEBUG - predicts is null
2018-08-09 16:25:20,160 - append_predict.main - DEBUG - lottery_id: 0
2018-08-09 16:25:30,161 - append_predict.main - DEBUG - no predict record in history
2018-08-09 16:25:30,243 - append_predict.main - INFO - save predict_lottery_id : 201808090506
2018-08-09 16:25:30,244 - append_predict.main - INFO - save purchase_number_list : [-1, -1, -1, -1, -1]
2018-08-09 16:25:30,332 - append_predict.thread - INFO - start purchase
2018-08-09 16:25:40,543 - append_predict.main - DEBUG - predicts is null
2018-08-09 16:25:40,543 - append_predict.main - DEBUG - lottery_id: 0
2018-08-09 16:25:50,545 - append_predict.main - DEBUG - no predict record in history
2018-08-09 16:25:50,609 - append_predict.main - INFO - save predict_lottery_id : 201808090506
2018-08-09 16:25:50,611 - append_predict.main - INFO - save purchase_number_list : [-1, -1, -1, -1, -1]
2018-08-09 16:25:50,700 - append_predict.thread - INFO - start purchase
2018-08-09 16:26:00,816 - append_predict.main - DEBUG - predicts is null
2018-08-09 16:26:00,816 - append_predict.main - DEBUG - lottery_id: 0
2018-08-09 16:26:10,818 - append_predict.main - DEBUG - no predict record in history
2018-08-09 16:26:10,874 - append_predict.main - INFO - save predict_lottery_id : 201808090506
2018-08-09 16:26:10,874 - append_predict.main - INFO - save purchase_number_list : [-1, -1, -1, -1, -1]
2018-08-09 16:26:11,069 - append_predict.thread - INFO - start purchase
2018-08-09 16:26:21,319 - append_predict.main - DEBUG - predicts is null
2018-08-09 16:26:21,319 - append_predict.main - DEBUG - lottery_id: 0
2018-08-09 16:26:31,321 - append_predict.main - DEBUG - no predict record in history
2018-08-09 16:26:31,372 - append_predict.main - INFO - save predict_lottery_id : 201808090507
2018-08-09 16:26:31,372 - append_predict.main - INFO - save purchase_number_list : [-1, -1, -1, -1, -1]
2018-08-09 16:26:31,476 - append_predict.thread - INFO - start purchase
2018-08-09 16:26:41,813 - append_predict.main - DEBUG - predicts is null
2018-08-09 16:26:41,815 - append_predict.main - DEBUG - lottery_id: 0
2018-08-09 16:26:51,816 - append_predict.main - DEBUG - no predict record in history
2018-08-09 16:26:51,861 - append_predict.main - INFO - save predict_lottery_id : 201808090507
2018-08-09 16:26:51,862 - append_predict.main - INFO - save purchase_number_list : [-1, -1, -1, -1, -1]
2018-08-09 16:26:51,947 - append_predict.thread - INFO - start purchase
2018-08-09 16:27:02,358 - append_predict.main - DEBUG - predicts is null
2018-08-09 16:27:02,361 - append_predict.main - DEBUG - lottery_id: 0
2018-08-09 16:27:12,364 - append_predict.main - DEBUG - no predict record in history
2018-08-09 16:27:12,424 - append_predict.main - INFO - save predict_lottery_id : 201808090507
2018-08-09 16:27:12,424 - append_predict.main - INFO - save purchase_number_list : [-1, -1, -1, -1, -1]
2018-08-09 16:27:12,612 - append_predict.thread - INFO - start purchase
2018-08-09 16:27:22,834 - append_predict.main - DEBUG - predicts is null
2018-08-09 16:27:22,839 - append_predict.main - DEBUG - lottery_id: 0
2018-08-09 16:27:32,842 - append_predict.main - DEBUG - no predict record in history
2018-08-09 16:27:32,914 - append_predict.main - INFO - save predict_lottery_id : 201808090508
2018-08-09 16:27:32,914 - append_predict.main - INFO - save purchase_number_list : [-1, -1, -1, -1, 0]
2018-08-09 16:27:33,276 - append_predict.thread - INFO - start purchase
2018-08-09 16:27:43,354 - append_predict.main - DEBUG - predicts is null
2018-08-09 16:27:43,354 - append_predict.main - DEBUG - lottery_id: 0
2018-08-09 16:27:53,355 - append_predict.main - DEBUG - no predict record in history
2018-08-09 16:27:53,420 - append_predict.main - INFO - save predict_lottery_id : 201808090508
2018-08-09 16:27:53,420 - append_predict.main - INFO - save purchase_number_list : [-1, -1, -1, -1, 0]
2018-08-09 16:27:53,505 - append_predict.thread - INFO - start purchase
2018-08-09 16:28:03,556 - append_predict.main - DEBUG - predicts is null
2018-08-09 16:28:03,558 - append_predict.main - DEBUG - lottery_id: 0
2018-08-09 16:28:13,559 - append_predict.main - DEBUG - no predict record in history
2018-08-09 16:28:13,634 - append_predict.main - INFO - save predict_lottery_id : 201808090508
2018-08-09 16:28:13,634 - append_predict.main - INFO - save purchase_number_list : [-1, -1, -1, -1, 0]
2018-08-09 16:28:13,720 - append_predict.thread - INFO - start purchase
2018-08-09 16:28:24,148 - append_predict.main - DEBUG - predicts is null
2018-08-09 16:28:24,148 - append_predict.main - DEBUG - lottery_id: 0
2018-08-09 16:28:34,150 - append_predict.main - DEBUG - no predict record in history
2018-08-09 16:28:34,206 - append_predict.main - INFO - save predict_lottery_id : 201808090509
2018-08-09 16:28:34,207 - append_predict.main - INFO - save purchase_number_list : [1, -1, -1, -1, -1]
2018-08-09 16:28:34,286 - append_predict.thread - INFO - start purchase
2018-08-09 16:28:44,332 - append_predict.main - DEBUG - predicts is null
2018-08-09 16:28:44,332 - append_predict.main - DEBUG - lottery_id: 0
2018-08-09 16:28:54,332 - append_predict.main - DEBUG - no predict record in history
2018-08-09 16:28:54,392 - append_predict.main - INFO - save predict_lottery_id : 201808090509
2018-08-09 16:28:54,392 - append_predict.main - INFO - save purchase_number_list : [1, -1, -1, -1, -1]
2018-08-09 16:28:54,710 - append_predict.thread - INFO - start purchase
2018-08-09 16:29:04,707 - append_predict.main - DEBUG - predicts is null
2018-08-09 16:29:04,707 - append_predict.main - DEBUG - lottery_id: 0
2018-08-09 16:29:14,709 - append_predict.main - DEBUG - no predict record in history
2018-08-09 16:29:14,769 - append_predict.main - INFO - save predict_lottery_id : 201808090509
2018-08-09 16:29:14,769 - append_predict.main - INFO - save purchase_number_list : [1, -1, -1, -1, -1]
2018-08-09 16:29:14,868 - append_predict.thread - INFO - start purchase
2018-08-09 16:29:25,056 - append_predict.main - DEBUG - predicts is null
2018-08-09 16:29:25,056 - append_predict.main - DEBUG - lottery_id: 0
2018-08-09 16:29:35,058 - append_predict.main - DEBUG - no predict record in history
2018-08-09 16:29:35,111 - append_predict.main - INFO - save predict_lottery_id : 201808090510
2018-08-09 16:29:35,111 - append_predict.main - INFO - save purchase_number_list : [0, -1, -1, -1, -1]
2018-08-09 16:29:35,210 - append_predict.thread - INFO - start purchase
2018-08-09 16:29:45,036 - append_predict.main - DEBUG - predicts is null
2018-08-09 16:29:45,036 - append_predict.main - DEBUG - lottery_id: 0
2018-08-09 16:29:55,039 - append_predict.main - DEBUG - no predict record in history
2018-08-09 16:29:55,099 - append_predict.main - INFO - save predict_lottery_id : 201808090510
2018-08-09 16:29:55,099 - append_predict.main - INFO - save purchase_number_list : [0, -1, -1, -1, -1]
2018-08-09 16:29:55,197 - append_predict.thread - INFO - start purchase
2018-08-09 16:30:05,384 - append_predict.main - DEBUG - predicts is null
2018-08-09 16:30:05,384 - append_predict.main - DEBUG - lottery_id: 0
2018-08-09 16:30:15,384 - append_predict.main - DEBUG - no predict record in history
2018-08-09 16:30:15,447 - append_predict.main - INFO - save predict_lottery_id : 201808090510
2018-08-09 16:30:15,447 - append_predict.main - INFO - save purchase_number_list : [0, -1, -1, -1, -1]
2018-08-09 16:30:15,621 - append_predict.thread - INFO - start purchase
2018-08-09 16:30:25,898 - append_predict.main - DEBUG - predicts is null
2018-08-09 16:30:25,898 - append_predict.main - DEBUG - lottery_id: 0
2018-08-09 16:30:35,900 - append_predict.main - DEBUG - no predict record in history
2018-08-09 16:30:35,953 - append_predict.main - INFO - save predict_lottery_id : 201808090511
2018-08-09 16:30:35,954 - append_predict.main - INFO - save purchase_number_list : [1, -1, -1, -1, -1]
2018-08-09 16:30:36,040 - append_predict.thread - INFO - start purchase
2018-08-09 16:30:46,038 - append_predict.main - DEBUG - predicts is null
2018-08-09 16:30:46,038 - append_predict.main - DEBUG - lottery_id: 0
2018-08-09 16:30:56,039 - append_predict.main - DEBUG - no predict record in history
2018-08-09 16:30:56,101 - append_predict.main - INFO - save predict_lottery_id : 201808090511
2018-08-09 16:30:56,101 - append_predict.main - INFO - save purchase_number_list : [1, -1, -1, -1, -1]
2018-08-09 16:30:56,190 - append_predict.thread - INFO - start purchase
2018-08-09 16:31:06,069 - append_predict.main - DEBUG - predicts is null
2018-08-09 16:31:06,069 - append_predict.main - DEBUG - lottery_id: 0
2018-08-09 16:31:16,069 - append_predict.main - DEBUG - no predict record in history
2018-08-09 16:31:16,137 - append_predict.main - INFO - save predict_lottery_id : 201808090511
2018-08-09 16:31:16,138 - append_predict.main - INFO - save purchase_number_list : [1, -1, -1, -1, -1]
2018-08-09 16:31:16,223 - append_predict.thread - INFO - start purchase
2018-08-09 16:31:26,898 - append_predict.main - DEBUG - predicts is null
2018-08-09 16:31:26,901 - append_predict.main - DEBUG - lottery_id: 0
2018-08-09 16:31:36,903 - append_predict.main - DEBUG - no predict record in history
2018-08-09 16:31:36,967 - append_predict.main - INFO - save predict_lottery_id : 201808090512
2018-08-09 16:31:36,967 - append_predict.main - INFO - save purchase_number_list : [-1, -1, 1, -1, -1]
2018-08-09 16:31:37,065 - append_predict.thread - INFO - start purchase
2018-08-09 16:31:47,056 - append_predict.main - DEBUG - predicts is null
2018-08-09 16:31:47,056 - append_predict.main - DEBUG - lottery_id: 0
2018-08-09 16:31:57,059 - append_predict.main - DEBUG - no predict record in history
2018-08-09 16:31:57,111 - append_predict.main - INFO - save predict_lottery_id : 201808090512
2018-08-09 16:31:57,112 - append_predict.main - INFO - save purchase_number_list : [-1, -1, 1, -1, -1]
2018-08-09 16:31:57,280 - append_predict.thread - INFO - start purchase
2018-08-09 16:32:07,311 - append_predict.main - DEBUG - predicts is null
2018-08-09 16:32:07,311 - append_predict.main - DEBUG - lottery_id: 0
2018-08-09 16:32:17,312 - append_predict.main - DEBUG - no predict record in history
2018-08-09 16:32:17,374 - append_predict.main - INFO - save predict_lottery_id : 201808090512
2018-08-09 16:32:17,375 - append_predict.main - INFO - save purchase_number_list : [-1, -1, 1, -1, -1]
2018-08-09 16:32:17,463 - append_predict.thread - INFO - start purchase
2018-08-09 16:32:27,704 - append_predict.main - DEBUG - predicts is null
2018-08-09 16:32:27,704 - append_predict.main - DEBUG - lottery_id: 0
2018-08-09 16:32:37,706 - append_predict.main - DEBUG - no predict record in history
2018-08-09 16:32:37,756 - append_predict.main - INFO - save predict_lottery_id : 201808090513
2018-08-09 16:32:37,756 - append_predict.main - INFO - save purchase_number_list : [-1, -1, 0, -1, -1]
2018-08-09 16:32:37,938 - append_predict.thread - INFO - start purchase
2018-08-09 16:32:47,720 - append_predict.main - DEBUG - predicts is null
2018-08-09 16:32:47,721 - append_predict.main - DEBUG - lottery_id: 0
2018-08-09 16:32:57,723 - append_predict.main - DEBUG - no predict record in history
2018-08-09 16:32:57,786 - append_predict.main - INFO - save predict_lottery_id : 201808090513
2018-08-09 16:32:57,786 - append_predict.main - INFO - save purchase_number_list : [-1, -1, 0, -1, -1]
2018-08-09 16:32:57,878 - append_predict.thread - INFO - start purchase
2018-08-09 16:33:08,029 - append_predict.main - DEBUG - predicts is null
2018-08-09 16:33:08,032 - append_predict.main - DEBUG - lottery_id: 0
2018-08-09 16:33:18,033 - append_predict.main - DEBUG - no predict record in history
2018-08-09 16:33:18,088 - append_predict.main - INFO - save predict_lottery_id : 201808090513
2018-08-09 16:33:18,088 - append_predict.main - INFO - save purchase_number_list : [-1, -1, 0, -1, -1]
2018-08-09 16:33:18,194 - append_predict.thread - INFO - start purchase
2018-08-09 16:33:28,525 - append_predict.main - DEBUG - predicts is null
2018-08-09 16:33:28,526 - append_predict.main - DEBUG - lottery_id: 0
2018-08-09 16:33:38,526 - append_predict.main - DEBUG - no predict record in history
2018-08-09 16:33:38,575 - append_predict.main - INFO - save predict_lottery_id : 201808090514
2018-08-09 16:33:38,575 - append_predict.main - INFO - save purchase_number_list : [-1, -1, 1, -1, -1]
2018-08-09 16:33:38,661 - append_predict.thread - INFO - start purchase
2018-08-09 16:33:48,898 - append_predict.main - DEBUG - predicts is null
2018-08-09 16:33:48,904 - append_predict.main - DEBUG - lottery_id: 0
2018-08-09 16:33:58,905 - append_predict.main - DEBUG - no predict record in history
2018-08-09 16:33:58,973 - append_predict.main - INFO - save predict_lottery_id : 201808090514
2018-08-09 16:33:58,973 - append_predict.main - INFO - save purchase_number_list : [-1, -1, 1, -1, -1]
2018-08-09 16:33:59,065 - append_predict.thread - INFO - start purchase
2018-08-09 16:34:09,168 - append_predict.main - DEBUG - predicts is null
2018-08-09 16:34:09,168 - append_predict.main - DEBUG - lottery_id: 0
2018-08-09 16:34:19,176 - append_predict.main - DEBUG - no predict record in history
2018-08-09 16:34:19,223 - append_predict.main - INFO - save predict_lottery_id : 201808090514
2018-08-09 16:34:19,223 - append_predict.main - INFO - save purchase_number_list : [-1, -1, 1, -1, -1]
2018-08-09 16:34:19,311 - append_predict.thread - INFO - start purchase
2018-08-09 16:34:29,395 - append_predict.main - DEBUG - predicts is null
2018-08-09 16:34:29,395 - append_predict.main - DEBUG - lottery_id: 0
2018-08-09 16:34:39,397 - append_predict.main - DEBUG - no predict record in history
2018-08-09 16:34:39,448 - append_predict.main - INFO - save predict_lottery_id : 201808090515
2018-08-09 16:34:39,450 - append_predict.main - INFO - save purchase_number_list : [-1, -1, -1, 1, -1]
2018-08-09 16:34:39,535 - append_predict.thread - INFO - start purchase
2018-08-09 16:34:49,552 - append_predict.main - DEBUG - predicts is null
2018-08-09 16:34:49,552 - append_predict.main - DEBUG - lottery_id: 0
2018-08-09 16:34:59,555 - append_predict.main - DEBUG - no predict record in history
2018-08-09 16:34:59,630 - append_predict.main - INFO - save predict_lottery_id : 201808090515
2018-08-09 16:34:59,630 - append_predict.main - INFO - save purchase_number_list : [-1, -1, -1, 1, -1]
2018-08-09 16:34:59,719 - append_predict.thread - INFO - start purchase
2018-08-09 16:35:09,691 - append_predict.main - DEBUG - predicts is null
2018-08-09 16:35:09,691 - append_predict.main - DEBUG - lottery_id: 0
2018-08-09 16:35:19,693 - append_predict.main - DEBUG - no predict record in history
2018-08-09 16:35:19,763 - append_predict.main - INFO - save predict_lottery_id : 201808090515
2018-08-09 16:35:19,763 - append_predict.main - INFO - save purchase_number_list : [-1, -1, -1, 1, -1]
2018-08-09 16:35:19,848 - append_predict.thread - INFO - start purchase
2018-08-09 16:35:30,059 - append_predict.main - DEBUG - predicts is null
2018-08-09 16:35:30,061 - append_predict.main - DEBUG - lottery_id: 0
2018-08-09 16:35:40,062 - append_predict.main - DEBUG - no predict record in history
2018-08-09 16:35:40,131 - append_predict.main - INFO - save predict_lottery_id : 201808090516
2018-08-09 16:35:40,131 - append_predict.main - INFO - save purchase_number_list : [-1, -1, -1, -1, -1]
2018-08-09 16:35:40,217 - append_predict.thread - INFO - start purchase
2018-08-09 16:35:50,421 - append_predict.main - DEBUG - predicts is null
2018-08-09 16:35:50,421 - append_predict.main - DEBUG - lottery_id: 0
2018-08-09 16:36:00,423 - append_predict.main - DEBUG - no predict record in history
2018-08-09 16:36:00,490 - append_predict.main - INFO - save predict_lottery_id : 201808090516
2018-08-09 16:36:00,490 - append_predict.main - INFO - save purchase_number_list : [-1, -1, -1, -1, -1]
2018-08-09 16:36:00,625 - append_predict.thread - INFO - start purchase
2018-08-09 16:36:10,618 - append_predict.main - DEBUG - predicts is null
2018-08-09 16:36:10,618 - append_predict.main - DEBUG - lottery_id: 0
2018-08-09 16:36:20,619 - append_predict.main - DEBUG - no predict record in history
2018-08-09 16:36:20,687 - append_predict.main - INFO - save predict_lottery_id : 201808090516
2018-08-09 16:36:20,687 - append_predict.main - INFO - save purchase_number_list : [-1, -1, -1, -1, -1]
2018-08-09 16:36:20,773 - append_predict.thread - INFO - start purchase
2018-08-09 16:36:30,763 - append_predict.main - DEBUG - predicts is null
2018-08-09 16:36:30,765 - append_predict.main - DEBUG - lottery_id: 0
2018-08-09 16:36:40,766 - append_predict.main - DEBUG - no predict record in history
2018-08-09 16:36:40,832 - append_predict.main - INFO - save predict_lottery_id : 201808090517
2018-08-09 16:36:40,832 - append_predict.main - INFO - save purchase_number_list : [-1, -1, -1, -1, -1]
2018-08-09 16:36:40,937 - append_predict.thread - INFO - start purchase
2018-08-09 16:36:50,835 - append_predict.main - DEBUG - predicts is null
2018-08-09 16:36:50,836 - append_predict.main - DEBUG - lottery_id: 0
2018-08-09 16:37:00,838 - append_predict.main - DEBUG - no predict record in history
2018-08-09 16:37:00,884 - append_predict.main - INFO - save predict_lottery_id : 201808090517
2018-08-09 16:37:00,884 - append_predict.main - INFO - save purchase_number_list : [-1, -1, -1, -1, -1]
2018-08-09 16:37:00,964 - append_predict.thread - INFO - start purchase
2018-08-09 16:37:11,167 - append_predict.main - DEBUG - predicts is null
2018-08-09 16:37:11,170 - append_predict.main - DEBUG - lottery_id: 0
2018-08-09 16:37:21,170 - append_predict.main - DEBUG - no predict record in history
2018-08-09 16:37:21,233 - append_predict.main - INFO - save predict_lottery_id : 201808090517
2018-08-09 16:37:21,233 - append_predict.main - INFO - save purchase_number_list : [-1, -1, -1, -1, -1]
2018-08-09 16:37:21,313 - append_predict.thread - INFO - start purchase
2018-08-09 16:37:31,575 - append_predict.main - DEBUG - predicts is null
2018-08-09 16:37:31,575 - append_predict.main - DEBUG - lottery_id: 0
2018-08-09 16:37:41,576 - append_predict.main - DEBUG - no predict record in history
2018-08-09 16:37:41,627 - append_predict.main - INFO - save predict_lottery_id : 201808090518
2018-08-09 16:37:41,627 - append_predict.main - INFO - save purchase_number_list : [-1, -1, -1, -1, -1]
2018-08-09 16:37:41,697 - append_predict.thread - INFO - start purchase
2018-08-09 16:37:51,630 - append_predict.main - DEBUG - predicts is null
2018-08-09 16:37:51,630 - append_predict.main - DEBUG - lottery_id: 0
2018-08-09 16:38:01,631 - append_predict.main - DEBUG - no predict record in history
2018-08-09 16:38:01,697 - append_predict.main - INFO - save predict_lottery_id : 201808090518
2018-08-09 16:38:01,697 - append_predict.main - INFO - save purchase_number_list : [-1, -1, -1, -1, -1]
2018-08-09 16:38:01,796 - append_predict.thread - INFO - start purchase
2018-08-09 16:38:12,457 - append_predict.main - DEBUG - predicts is null
2018-08-09 16:38:12,459 - append_predict.main - DEBUG - lottery_id: 0
2018-08-09 16:38:22,460 - append_predict.main - DEBUG - no predict record in history
2018-08-09 16:38:22,513 - append_predict.main - INFO - save predict_lottery_id : 201808090518
2018-08-09 16:38:22,513 - append_predict.main - INFO - save purchase_number_list : [-1, -1, -1, -1, -1]
2018-08-09 16:38:22,759 - append_predict.thread - INFO - start purchase
2018-08-09 16:38:32,954 - append_predict.main - DEBUG - predicts is null
2018-08-09 16:38:32,954 - append_predict.main - DEBUG - lottery_id: 0
2018-08-09 16:38:42,956 - append_predict.main - DEBUG - no predict record in history
2018-08-09 16:38:43,023 - append_predict.main - INFO - save predict_lottery_id : 201808090519
2018-08-09 16:38:43,025 - append_predict.main - INFO - save purchase_number_list : [-1, -1, -1, -1, -1]
2018-08-09 16:38:43,111 - append_predict.thread - INFO - start purchase
2018-08-09 16:38:53,150 - append_predict.main - DEBUG - predicts is null
2018-08-09 16:38:53,150 - append_predict.main - DEBUG - lottery_id: 0
2018-08-09 16:39:03,151 - append_predict.main - DEBUG - no predict record in history
2018-08-09 16:39:03,265 - append_predict.main - INFO - save predict_lottery_id : 201808090519
2018-08-09 16:39:03,265 - append_predict.main - INFO - save purchase_number_list : [-1, -1, -1, -1, -1]
2018-08-09 16:39:03,361 - append_predict.thread - INFO - start purchase
2018-08-09 16:39:13,334 - append_predict.main - DEBUG - predicts is null
2018-08-09 16:39:13,335 - append_predict.main - DEBUG - lottery_id: 0
2018-08-09 16:39:23,335 - append_predict.main - DEBUG - no predict record in history
2018-08-09 16:39:23,418 - append_predict.main - INFO - save predict_lottery_id : 201808090519
2018-08-09 16:39:23,418 - append_predict.main - INFO - save purchase_number_list : [-1, -1, -1, -1, -1]
2018-08-09 16:39:23,615 - append_predict.thread - INFO - start purchase
2018-08-09 16:39:33,898 - append_predict.main - DEBUG - predicts is null
2018-08-09 16:39:33,898 - append_predict.main - DEBUG - lottery_id: 0
2018-08-09 16:39:43,901 - append_predict.main - DEBUG - no predict record in history
2018-08-09 16:39:43,957 - append_predict.main - INFO - save predict_lottery_id : 201808090520
2018-08-09 16:39:43,957 - append_predict.main - INFO - save purchase_number_list : [0, -1, -1, 0, -1]
2018-08-09 16:39:44,045 - append_predict.thread - INFO - start purchase
2018-08-09 16:39:54,127 - append_predict.main - DEBUG - predicts is null
2018-08-09 16:39:54,128 - append_predict.main - DEBUG - lottery_id: 0
2018-08-09 16:40:04,128 - append_predict.main - DEBUG - no predict record in history
2018-08-09 16:40:04,186 - append_predict.main - INFO - save predict_lottery_id : 201808090520
2018-08-09 16:40:04,186 - append_predict.main - INFO - save purchase_number_list : [0, -1, -1, 0, -1]
2018-08-09 16:40:04,312 - append_predict.thread - INFO - start purchase
2018-08-09 16:40:14,210 - append_predict.main - DEBUG - predicts is null
2018-08-09 16:40:14,210 - append_predict.main - DEBUG - lottery_id: 0
2018-08-09 16:40:24,211 - append_predict.main - DEBUG - no predict record in history
2018-08-09 16:40:24,269 - append_predict.main - INFO - save predict_lottery_id : 201808090520
2018-08-09 16:40:24,269 - append_predict.main - INFO - save purchase_number_list : [0, -1, -1, 0, -1]
2018-08-09 16:40:24,342 - append_predict.thread - INFO - start purchase
2018-08-09 16:40:34,457 - append_predict.main - DEBUG - predicts is null
2018-08-09 16:40:34,457 - append_predict.main - DEBUG - lottery_id: 0
2018-08-09 16:40:44,457 - append_predict.main - DEBUG - no predict record in history
2018-08-09 16:40:44,519 - append_predict.main - INFO - save predict_lottery_id : 201808090521
2018-08-09 16:40:44,519 - append_predict.main - INFO - save purchase_number_list : [1, 0, -1, 1, 0]
2018-08-09 16:40:44,611 - append_predict.thread - INFO - start purchase
2018-08-09 16:40:54,663 - append_predict.main - DEBUG - predicts is null
2018-08-09 16:40:54,663 - append_predict.main - DEBUG - lottery_id: 0
2018-08-09 16:41:04,664 - append_predict.main - DEBUG - no predict record in history
2018-08-09 16:41:04,749 - append_predict.main - INFO - save predict_lottery_id : 201808090521
2018-08-09 16:41:04,749 - append_predict.main - INFO - save purchase_number_list : [1, 0, -1, 1, 0]
2018-08-09 16:41:04,828 - append_predict.thread - INFO - start purchase
2018-08-09 16:41:14,950 - append_predict.main - DEBUG - predicts is null
2018-08-09 16:41:14,950 - append_predict.main - DEBUG - lottery_id: 0
2018-08-09 16:41:24,951 - append_predict.main - DEBUG - no predict record in history
2018-08-09 16:41:25,000 - append_predict.main - INFO - save predict_lottery_id : 201808090522
2018-08-09 16:41:25,000 - append_predict.main - INFO - save purchase_number_list : [-1, 1, -1, -1, 1]
2018-08-09 16:41:25,091 - append_predict.thread - INFO - start purchase
2018-08-09 16:41:35,055 - append_predict.main - DEBUG - predicts is null
2018-08-09 16:41:35,055 - append_predict.main - DEBUG - lottery_id: 0
2018-08-09 16:41:45,058 - append_predict.main - DEBUG - no predict record in history
2018-08-09 16:41:45,121 - append_predict.main - INFO - save predict_lottery_id : 201808090522
2018-08-09 16:41:45,121 - append_predict.main - INFO - save purchase_number_list : [-1, 1, -1, -1, 1]
2018-08-09 16:41:45,207 - append_predict.thread - INFO - start purchase
2018-08-09 16:41:55,375 - append_predict.main - DEBUG - predicts is null
2018-08-09 16:41:55,378 - append_predict.main - DEBUG - lottery_id: 0
2018-08-09 16:42:05,378 - append_predict.main - DEBUG - no predict record in history
2018-08-09 16:42:05,447 - append_predict.main - INFO - save predict_lottery_id : 201808090522
2018-08-09 16:42:05,447 - append_predict.main - INFO - save purchase_number_list : [-1, 1, -1, -1, 1]
2018-08-09 16:42:05,582 - append_predict.thread - INFO - start purchase
2018-08-09 16:42:15,559 - append_predict.main - DEBUG - predicts is null
2018-08-09 16:42:15,565 - append_predict.main - DEBUG - lottery_id: 0
2018-08-09 16:42:25,566 - append_predict.main - DEBUG - no predict record in history
2018-08-09 16:42:25,631 - append_predict.main - INFO - save predict_lottery_id : 201808090523
2018-08-09 16:42:25,631 - append_predict.main - INFO - save purchase_number_list : [-1, 0, -1, -1, -1]
2018-08-09 16:42:25,732 - append_predict.thread - INFO - start purchase
2018-08-09 16:42:35,658 - append_predict.main - DEBUG - predicts is null
2018-08-09 16:42:35,658 - append_predict.main - DEBUG - lottery_id: 0
2018-08-09 16:42:45,660 - append_predict.main - DEBUG - no predict record in history
2018-08-09 16:42:45,720 - append_predict.main - INFO - save predict_lottery_id : 201808090523
2018-08-09 16:42:45,720 - append_predict.main - INFO - save purchase_number_list : [-1, 0, -1, -1, -1]
2018-08-09 16:42:45,954 - append_predict.thread - INFO - start purchase
2018-08-09 16:42:56,230 - append_predict.main - DEBUG - predicts is null
2018-08-09 16:42:56,232 - append_predict.main - DEBUG - lottery_id: 0
2018-08-09 16:43:06,233 - append_predict.main - DEBUG - no predict record in history
2018-08-09 16:43:06,298 - append_predict.main - INFO - save predict_lottery_id : 201808090523
2018-08-09 16:43:06,298 - append_predict.main - INFO - save purchase_number_list : [-1, 0, -1, -1, -1]
2018-08-09 16:43:06,390 - append_predict.thread - INFO - start purchase
2018-08-09 16:43:16,611 - append_predict.main - DEBUG - predicts is null
2018-08-09 16:43:16,611 - append_predict.main - DEBUG - lottery_id: 0
2018-08-09 16:43:26,612 - append_predict.main - DEBUG - no predict record in history
2018-08-09 16:43:26,686 - append_predict.main - INFO - save predict_lottery_id : 201808090524
2018-08-09 16:43:26,704 - append_predict.main - INFO - save purchase_number_list : [-1, 1, -1, -1, -1]
2018-08-09 16:43:26,813 - append_predict.thread - INFO - start purchase
2018-08-09 16:43:36,973 - append_predict.main - DEBUG - predicts is null
2018-08-09 16:43:36,973 - append_predict.main - DEBUG - lottery_id: 0
2018-08-09 16:43:46,974 - append_predict.main - DEBUG - no predict record in history
2018-08-09 16:43:47,026 - append_predict.main - INFO - save predict_lottery_id : 201808090524
2018-08-09 16:43:47,028 - append_predict.main - INFO - save purchase_number_list : [-1, 1, -1, -1, -1]
2018-08-09 16:43:47,111 - append_predict.thread - INFO - start purchase
2018-08-09 16:43:57,351 - append_predict.main - DEBUG - predicts is null
2018-08-09 16:43:57,351 - append_predict.main - DEBUG - lottery_id: 0
2018-08-09 16:44:07,352 - append_predict.main - DEBUG - no predict record in history
2018-08-09 16:44:07,405 - append_predict.main - INFO - save predict_lottery_id : 201808090524
2018-08-09 16:44:07,405 - append_predict.main - INFO - save purchase_number_list : [-1, 1, -1, -1, -1]
2018-08-09 16:44:07,479 - append_predict.thread - INFO - start purchase
2018-08-09 16:44:26,479 - append_predict.main - DEBUG - predicts is null
2018-08-09 16:44:26,480 - append_predict.main - DEBUG - lottery_id: 0
2018-08-09 16:44:36,480 - append_predict.main - DEBUG - no predict record in history
2018-08-09 16:44:36,538 - append_predict.main - INFO - save predict_lottery_id : 201808090525
2018-08-09 16:44:36,539 - append_predict.main - INFO - save purchase_number_list : [-1, -1, -1, -1, -1]
2018-08-09 16:44:36,673 - append_predict.thread - INFO - start purchase
2018-08-09 16:44:46,864 - append_predict.main - DEBUG - predicts is null
2018-08-09 16:44:46,864 - append_predict.main - DEBUG - lottery_id: 0
2018-08-09 16:44:56,865 - append_predict.main - DEBUG - no predict record in history
2018-08-09 16:44:56,937 - append_predict.main - INFO - save predict_lottery_id : 201808090525
2018-08-09 16:44:56,937 - append_predict.main - INFO - save purchase_number_list : [-1, -1, -1, -1, -1]
2018-08-09 16:44:57,023 - append_predict.thread - INFO - start purchase
2018-08-09 16:45:07,032 - append_predict.main - DEBUG - predicts is null
2018-08-09 16:45:07,033 - append_predict.main - DEBUG - lottery_id: 0
2018-08-09 16:45:17,036 - append_predict.main - DEBUG - no predict record in history
2018-08-09 16:45:17,088 - append_predict.main - INFO - save predict_lottery_id : 201808090525
2018-08-09 16:45:17,088 - append_predict.main - INFO - save purchase_number_list : [-1, -1, -1, -1, -1]
2018-08-09 16:45:17,180 - append_predict.thread - INFO - start purchase
2018-08-09 16:45:27,513 - append_predict.main - DEBUG - predicts is null
2018-08-09 16:45:27,513 - append_predict.main - DEBUG - lottery_id: 0
2018-08-09 16:45:37,513 - append_predict.main - DEBUG - no predict record in history
2018-08-09 16:45:37,582 - append_predict.main - INFO - save predict_lottery_id : 201808090526
2018-08-09 16:45:37,582 - append_predict.main - INFO - save purchase_number_list : [-1, -1, -1, -1, -1]
2018-08-09 16:45:37,671 - append_predict.thread - INFO - start purchase
2018-08-09 16:45:48,448 - append_predict.main - DEBUG - predicts is null
2018-08-09 16:45:48,448 - append_predict.main - DEBUG - lottery_id: 0
2018-08-09 16:45:58,450 - append_predict.main - DEBUG - no predict record in history
2018-08-09 16:45:58,502 - append_predict.main - INFO - save predict_lottery_id : 201808090526
2018-08-09 16:45:58,503 - append_predict.main - INFO - save purchase_number_list : [-1, -1, -1, -1, -1]
2018-08-09 16:45:58,588 - append_predict.thread - INFO - start purchase
2018-08-09 16:46:08,602 - append_predict.main - DEBUG - predicts is null
2018-08-09 16:46:08,604 - append_predict.main - DEBUG - lottery_id: 0
2018-08-09 16:46:18,605 - append_predict.main - DEBUG - no predict record in history
2018-08-09 16:46:18,680 - append_predict.main - INFO - save predict_lottery_id : 201808090526
2018-08-09 16:46:18,680 - append_predict.main - INFO - save purchase_number_list : [-1, -1, -1, -1, -1]
2018-08-09 16:46:18,775 - append_predict.thread - INFO - start purchase
2018-08-09 16:46:28,917 - append_predict.main - DEBUG - predicts is null
2018-08-09 16:46:28,917 - append_predict.main - DEBUG - lottery_id: 0
2018-08-09 16:46:38,920 - append_predict.main - DEBUG - no predict record in history
2018-08-09 16:46:38,983 - append_predict.main - INFO - save predict_lottery_id : 201808090527
2018-08-09 16:46:38,983 - append_predict.main - INFO - save purchase_number_list : [-1, -1, -1, 1, 0]
2018-08-09 16:46:39,069 - append_predict.thread - INFO - start purchase
2018-08-09 16:46:49,250 - append_predict.main - DEBUG - predicts is null
2018-08-09 16:46:49,250 - append_predict.main - DEBUG - lottery_id: 0
2018-08-09 16:46:59,252 - append_predict.main - DEBUG - no predict record in history
2018-08-09 16:46:59,357 - append_predict.main - INFO - save predict_lottery_id : 201808090527
2018-08-09 16:46:59,358 - append_predict.main - INFO - save purchase_number_list : [-1, -1, -1, 1, 0]
2018-08-09 16:46:59,451 - append_predict.thread - INFO - start purchase
2018-08-09 16:47:09,632 - append_predict.main - DEBUG - predicts is null
2018-08-09 16:47:09,634 - append_predict.main - DEBUG - lottery_id: 0
2018-08-09 16:47:19,634 - append_predict.main - DEBUG - no predict record in history
2018-08-09 16:47:19,700 - append_predict.main - INFO - save predict_lottery_id : 201808090527
2018-08-09 16:47:19,700 - append_predict.main - INFO - save purchase_number_list : [-1, -1, -1, 1, 0]
2018-08-09 16:47:19,803 - append_predict.thread - INFO - start purchase
2018-08-09 16:47:29,993 - append_predict.main - DEBUG - predicts is null
2018-08-09 16:47:29,993 - append_predict.main - DEBUG - lottery_id: 0
2018-08-09 16:47:39,994 - append_predict.main - DEBUG - no predict record in history
2018-08-09 16:47:40,059 - append_predict.main - INFO - save predict_lottery_id : 201808090528
2018-08-09 16:47:40,059 - append_predict.main - INFO - save purchase_number_list : [-1, -1, -1, -1, 1]
2018-08-09 16:47:40,160 - append_predict.thread - INFO - start purchase
2018-08-09 16:47:50,230 - append_predict.main - DEBUG - predicts is null
2018-08-09 16:47:50,232 - append_predict.main - DEBUG - lottery_id: 0
2018-08-09 16:48:00,233 - append_predict.main - DEBUG - no predict record in history
2018-08-09 16:48:00,298 - append_predict.main - INFO - save predict_lottery_id : 201808090528
2018-08-09 16:48:00,298 - append_predict.main - INFO - save purchase_number_list : [-1, -1, -1, -1, 1]
2018-08-09 16:48:00,368 - append_predict.thread - INFO - start purchase
2018-08-09 16:48:10,812 - append_predict.main - DEBUG - predicts is null
2018-08-09 16:48:10,813 - append_predict.main - DEBUG - lottery_id: 0
2018-08-09 16:48:20,815 - append_predict.main - DEBUG - no predict record in history
2018-08-09 16:48:20,868 - append_predict.main - INFO - save predict_lottery_id : 201808090528
2018-08-09 16:48:20,868 - append_predict.main - INFO - save purchase_number_list : [-1, -1, -1, -1, 1]
2018-08-09 16:48:21,000 - append_predict.thread - INFO - start purchase
2018-08-09 16:48:31,173 - append_predict.main - DEBUG - predicts is null
2018-08-09 16:48:31,174 - append_predict.main - DEBUG - lottery_id: 0
2018-08-09 16:48:41,174 - append_predict.main - DEBUG - no predict record in history
2018-08-09 16:48:41,232 - append_predict.main - INFO - save predict_lottery_id : 201808090529
2018-08-09 16:48:41,232 - append_predict.main - INFO - save purchase_number_list : [-1, 1, -1, -1, 0]
2018-08-09 16:48:41,542 - append_predict.thread - INFO - start purchase
2018-08-09 16:48:51,865 - append_predict.main - DEBUG - predicts is null
2018-08-09 16:48:51,865 - append_predict.main - DEBUG - lottery_id: 0
2018-08-09 16:49:01,867 - append_predict.main - DEBUG - no predict record in history
2018-08-09 16:49:01,917 - append_predict.main - INFO - save predict_lottery_id : 201808090529
2018-08-09 16:49:01,917 - append_predict.main - INFO - save purchase_number_list : [-1, 1, -1, -1, 0]
2018-08-09 16:49:02,016 - append_predict.thread - INFO - start purchase
2018-08-09 16:49:12,160 - append_predict.main - DEBUG - predicts is null
2018-08-09 16:49:12,161 - append_predict.main - DEBUG - lottery_id: 0
2018-08-09 16:49:22,161 - append_predict.main - DEBUG - no predict record in history
2018-08-09 16:49:22,230 - append_predict.main - INFO - save predict_lottery_id : 201808090529
2018-08-09 16:49:22,230 - append_predict.main - INFO - save purchase_number_list : [-1, 1, -1, -1, 0]
2018-08-09 16:49:22,371 - append_predict.thread - INFO - start purchase
2018-08-09 16:49:41,276 - append_predict.main - DEBUG - predicts is null
2018-08-09 16:49:41,276 - append_predict.main - DEBUG - lottery_id: 0
2018-08-09 16:49:51,279 - append_predict.main - DEBUG - no predict record in history
2018-08-09 16:49:51,335 - append_predict.main - INFO - save predict_lottery_id : 201808090530
2018-08-09 16:49:51,335 - append_predict.main - INFO - save purchase_number_list : [-1, -1, -1, -1, -1]
2018-08-09 16:49:51,437 - append_predict.thread - INFO - start purchase
2018-08-09 16:50:01,746 - append_predict.main - DEBUG - predicts is null
2018-08-09 16:50:01,746 - append_predict.main - DEBUG - lottery_id: 0
2018-08-09 16:50:11,746 - append_predict.main - DEBUG - no predict record in history
2018-08-09 16:50:11,828 - append_predict.main - INFO - save predict_lottery_id : 201808090530
2018-08-09 16:50:11,828 - append_predict.main - INFO - save purchase_number_list : [-1, -1, -1, -1, -1]
2018-08-09 16:50:12,247 - append_predict.thread - INFO - start purchase
2018-08-09 16:50:22,763 - append_predict.main - DEBUG - predicts is null
2018-08-09 16:50:22,763 - append_predict.main - DEBUG - lottery_id: 0
2018-08-09 16:50:32,765 - append_predict.main - DEBUG - no predict record in history
2018-08-09 16:50:32,825 - append_predict.main - INFO - save predict_lottery_id : 201808090531
2018-08-09 16:50:32,825 - append_predict.main - INFO - save purchase_number_list : [-1, -1, -1, 1, -1]
2018-08-09 16:50:33,061 - append_predict.thread - INFO - start purchase
2018-08-09 16:50:43,088 - append_predict.main - DEBUG - predicts is null
2018-08-09 16:50:43,088 - append_predict.main - DEBUG - lottery_id: 0
2018-08-09 16:50:53,088 - append_predict.main - DEBUG - no predict record in history
2018-08-09 16:50:53,157 - append_predict.main - INFO - save predict_lottery_id : 201808090531
2018-08-09 16:50:53,157 - append_predict.main - INFO - save purchase_number_list : [-1, -1, -1, 1, -1]
2018-08-09 16:50:53,443 - append_predict.thread - INFO - start purchase
2018-08-09 16:51:03,561 - append_predict.main - DEBUG - predicts is null
2018-08-09 16:51:03,562 - append_predict.main - DEBUG - lottery_id: 0
2018-08-09 16:51:13,563 - append_predict.main - DEBUG - no predict record in history
2018-08-09 16:51:13,635 - append_predict.main - INFO - save predict_lottery_id : 201808090531
2018-08-09 16:51:13,637 - append_predict.main - INFO - save purchase_number_list : [-1, -1, -1, 1, -1]
2018-08-09 16:51:13,757 - append_predict.thread - INFO - start purchase
2018-08-09 16:51:24,573 - append_predict.main - DEBUG - predicts is null
2018-08-09 16:51:24,573 - append_predict.main - DEBUG - lottery_id: 0
2018-08-09 16:51:34,575 - append_predict.main - DEBUG - no predict record in history
2018-08-09 16:51:34,647 - append_predict.main - INFO - save predict_lottery_id : 201808090532
2018-08-09 16:51:34,647 - append_predict.main - INFO - save purchase_number_list : [-1, -1, -1, 0, -1]
2018-08-09 16:51:34,736 - append_predict.thread - INFO - start purchase
2018-08-09 16:51:44,749 - append_predict.main - DEBUG - predicts is null
2018-08-09 16:51:44,749 - append_predict.main - DEBUG - lottery_id: 0
2018-08-09 16:51:54,750 - append_predict.main - DEBUG - no predict record in history
2018-08-09 16:51:54,805 - append_predict.main - INFO - save predict_lottery_id : 201808090532
2018-08-09 16:51:54,805 - append_predict.main - INFO - save purchase_number_list : [-1, -1, -1, 0, -1]
2018-08-09 16:51:54,990 - append_predict.thread - INFO - start purchase
2018-08-09 16:52:05,068 - append_predict.main - DEBUG - predicts is null
2018-08-09 16:52:05,068 - append_predict.main - DEBUG - lottery_id: 0
2018-08-09 16:52:15,069 - append_predict.main - DEBUG - no predict record in history
2018-08-09 16:52:15,127 - append_predict.main - INFO - save predict_lottery_id : 201808090532
2018-08-09 16:52:15,127 - append_predict.main - INFO - save purchase_number_list : [-1, -1, -1, 0, -1]
2018-08-09 16:52:15,223 - append_predict.thread - INFO - start purchase
2018-08-09 16:52:25,348 - append_predict.main - DEBUG - predicts is null
2018-08-09 16:52:25,348 - append_predict.main - DEBUG - lottery_id: 0
2018-08-09 16:52:35,348 - append_predict.main - DEBUG - no predict record in history
2018-08-09 16:52:35,401 - append_predict.main - INFO - save predict_lottery_id : 201808090533
2018-08-09 16:52:35,401 - append_predict.main - INFO - save purchase_number_list : [-1, -1, -1, -1, -1]
2018-08-09 16:52:35,532 - append_predict.thread - INFO - start purchase
2018-08-09 16:52:45,698 - append_predict.main - DEBUG - predicts is null
2018-08-09 16:52:45,698 - append_predict.main - DEBUG - lottery_id: 0
2018-08-09 16:52:55,700 - append_predict.main - DEBUG - no predict record in history
2018-08-09 16:52:55,825 - append_predict.main - INFO - save predict_lottery_id : 201808090533
2018-08-09 16:52:55,825 - append_predict.main - INFO - save purchase_number_list : [-1, -1, -1, -1, -1]
2018-08-09 16:52:55,980 - append_predict.thread - INFO - start purchase
2018-08-09 16:53:06,211 - append_predict.main - DEBUG - predicts is null
2018-08-09 16:53:06,211 - append_predict.main - DEBUG - lottery_id: 0
2018-08-09 16:53:16,213 - append_predict.main - DEBUG - no predict record in history
2018-08-09 16:53:16,282 - append_predict.main - INFO - save predict_lottery_id : 201808090533
2018-08-09 16:53:16,282 - append_predict.main - INFO - save purchase_number_list : [-1, -1, -1, -1, -1]
2018-08-09 16:53:16,464 - append_predict.thread - INFO - start purchase
2018-08-09 16:53:26,927 - append_predict.main - DEBUG - predicts is null
2018-08-09 16:53:26,928 - append_predict.main - DEBUG - lottery_id: 0
2018-08-09 16:53:36,930 - append_predict.main - DEBUG - no predict record in history
2018-08-09 16:53:36,990 - append_predict.main - INFO - save predict_lottery_id : 201808090534
2018-08-09 16:53:36,990 - append_predict.main - INFO - save purchase_number_list : [1, -1, -1, -1, -1]
2018-08-09 16:53:37,181 - append_predict.thread - INFO - start purchase
2018-08-09 16:53:47,648 - append_predict.main - DEBUG - predicts is null
2018-08-09 16:53:47,648 - append_predict.main - DEBUG - lottery_id: 0
2018-08-09 16:53:57,651 - append_predict.main - DEBUG - no predict record in history
2018-08-09 16:53:57,707 - append_predict.main - INFO - save predict_lottery_id : 201808090534
2018-08-09 16:53:57,709 - append_predict.main - INFO - save purchase_number_list : [1, -1, -1, -1, -1]
2018-08-09 16:53:57,805 - append_predict.thread - INFO - start purchase
2018-08-09 16:54:07,923 - append_predict.main - DEBUG - predicts is null
2018-08-09 16:54:07,923 - append_predict.main - DEBUG - lottery_id: 0
2018-08-09 16:54:17,924 - append_predict.main - DEBUG - no predict record in history
2018-08-09 16:54:18,032 - append_predict.main - INFO - save predict_lottery_id : 201808090534
2018-08-09 16:54:18,032 - append_predict.main - INFO - save purchase_number_list : [1, -1, -1, -1, -1]
2018-08-09 16:54:18,122 - append_predict.thread - INFO - start purchase
2018-08-09 16:54:28,351 - append_predict.main - DEBUG - predicts is null
2018-08-09 16:54:28,351 - append_predict.main - DEBUG - lottery_id: 0
2018-08-09 16:54:38,354 - append_predict.main - DEBUG - no predict record in history
2018-08-09 16:54:38,426 - append_predict.main - INFO - save predict_lottery_id : 201808090535
2018-08-09 16:54:38,427 - append_predict.main - INFO - save purchase_number_list : [-1, -1, -1, -1, 1]
2018-08-09 16:54:38,516 - append_predict.thread - INFO - start purchase
2018-08-09 16:54:48,657 - append_predict.main - DEBUG - predicts is null
2018-08-09 16:54:48,657 - append_predict.main - DEBUG - lottery_id: 0
2018-08-09 16:54:58,658 - append_predict.main - DEBUG - no predict record in history
2018-08-09 16:54:58,720 - append_predict.main - INFO - save predict_lottery_id : 201808090535
2018-08-09 16:54:58,721 - append_predict.main - INFO - save purchase_number_list : [-1, -1, -1, -1, 1]
2018-08-09 16:54:58,786 - append_predict.thread - INFO - start purchase
2018-08-09 16:55:08,720 - append_predict.main - DEBUG - predicts is null
2018-08-09 16:55:08,720 - append_predict.main - DEBUG - lottery_id: 0
2018-08-09 16:55:18,723 - append_predict.main - DEBUG - no predict record in history
2018-08-09 16:55:18,778 - append_predict.main - INFO - save predict_lottery_id : 201808090535
2018-08-09 16:55:18,779 - append_predict.main - INFO - save purchase_number_list : [-1, -1, -1, -1, 1]
2018-08-09 16:55:18,861 - append_predict.thread - INFO - start purchase
2018-08-09 16:55:29,141 - append_predict.main - DEBUG - predicts is null
2018-08-09 16:55:29,144 - append_predict.main - DEBUG - lottery_id: 0
2018-08-09 16:55:39,145 - append_predict.main - DEBUG - no predict record in history
2018-08-09 16:55:39,229 - append_predict.main - INFO - save predict_lottery_id : 201808090536
2018-08-09 16:55:39,229 - append_predict.main - INFO - save purchase_number_list : [-1, -1, -1, -1, -1]
2018-08-09 16:55:39,345 - append_predict.thread - INFO - start purchase
2018-08-09 16:55:49,979 - append_predict.main - DEBUG - predicts is null
2018-08-09 16:55:49,979 - append_predict.main - DEBUG - lottery_id: 0
2018-08-09 16:55:59,980 - append_predict.main - DEBUG - no predict record in history
2018-08-09 16:56:00,032 - append_predict.main - INFO - save predict_lottery_id : 201808090536
2018-08-09 16:56:00,032 - append_predict.main - INFO - save purchase_number_list : [-1, -1, -1, -1, -1]
2018-08-09 16:56:00,128 - append_predict.thread - INFO - start purchase
2018-08-09 16:56:10,124 - append_predict.main - DEBUG - predicts is null
2018-08-09 16:56:10,125 - append_predict.main - DEBUG - lottery_id: 0
2018-08-09 16:56:20,128 - append_predict.main - DEBUG - no predict record in history
2018-08-09 16:56:20,197 - append_predict.main - INFO - save predict_lottery_id : 201808090536
2018-08-09 16:56:20,197 - append_predict.main - INFO - save purchase_number_list : [-1, -1, -1, -1, -1]
2018-08-09 16:56:20,289 - append_predict.thread - INFO - start purchase
2018-08-09 16:56:32,003 - append_predict.main - DEBUG - predicts is null
2018-08-09 16:56:32,003 - append_predict.main - DEBUG - lottery_id: 0
2018-08-09 16:56:42,005 - append_predict.main - DEBUG - no predict record in history
2018-08-09 16:56:42,104 - append_predict.main - INFO - save predict_lottery_id : 201808090537
2018-08-09 16:56:42,104 - append_predict.main - INFO - save purchase_number_list : [-1, -1, -1, -1, -1]
2018-08-09 16:56:42,187 - append_predict.thread - INFO - start purchase
2018-08-09 16:56:52,197 - append_predict.main - DEBUG - predicts is null
2018-08-09 16:56:52,197 - append_predict.main - DEBUG - lottery_id: 0
2018-08-09 16:57:02,198 - append_predict.main - DEBUG - no predict record in history
2018-08-09 16:57:02,270 - append_predict.main - INFO - save predict_lottery_id : 201808090537
2018-08-09 16:57:02,270 - append_predict.main - INFO - save purchase_number_list : [-1, -1, -1, -1, -1]
2018-08-09 16:57:02,359 - append_predict.thread - INFO - start purchase
2018-08-09 16:57:12,561 - append_predict.main - DEBUG - predicts is null
2018-08-09 16:57:12,561 - append_predict.main - DEBUG - lottery_id: 0
2018-08-09 16:57:22,562 - append_predict.main - DEBUG - no predict record in history
2018-08-09 16:57:22,625 - append_predict.main - INFO - save predict_lottery_id : 201808090537
2018-08-09 16:57:22,625 - append_predict.main - INFO - save purchase_number_list : [-1, -1, -1, -1, -1]
2018-08-09 16:57:22,743 - append_predict.thread - INFO - start purchase
2018-08-09 16:57:32,926 - append_predict.main - DEBUG - predicts is null
2018-08-09 16:57:32,927 - append_predict.main - DEBUG - lottery_id: 0
2018-08-09 16:57:42,927 - append_predict.main - DEBUG - no predict record in history
2018-08-09 16:57:42,976 - append_predict.main - INFO - save predict_lottery_id : 201808090538
2018-08-09 16:57:42,976 - append_predict.main - INFO - save purchase_number_list : [-1, -1, -1, 0, -1]
2018-08-09 16:57:43,066 - append_predict.thread - INFO - start purchase
2018-08-09 16:57:53,051 - append_predict.main - DEBUG - predicts is null
2018-08-09 16:57:53,051 - append_predict.main - DEBUG - lottery_id: 0
2018-08-09 16:58:03,052 - append_predict.main - DEBUG - no predict record in history
2018-08-09 16:58:03,111 - append_predict.main - INFO - save predict_lottery_id : 201808090538
2018-08-09 16:58:03,111 - append_predict.main - INFO - save purchase_number_list : [-1, -1, -1, 0, -1]
2018-08-09 16:58:03,184 - append_predict.thread - INFO - start purchase
2018-08-09 16:58:13,367 - append_predict.main - DEBUG - predicts is null
2018-08-09 16:58:13,367 - append_predict.main - DEBUG - lottery_id: 0
2018-08-09 16:58:23,368 - append_predict.main - DEBUG - no predict record in history
2018-08-09 16:58:23,424 - append_predict.main - INFO - save predict_lottery_id : 201808090538
2018-08-09 16:58:23,426 - append_predict.main - INFO - save purchase_number_list : [-1, -1, -1, 0, -1]
2018-08-09 16:58:23,532 - append_predict.thread - INFO - start purchase
2018-08-09 16:58:33,730 - append_predict.main - DEBUG - predicts is null
2018-08-09 16:58:33,736 - append_predict.main - DEBUG - lottery_id: 0
2018-08-09 16:58:43,736 - append_predict.main - DEBUG - no predict record in history
2018-08-09 16:58:43,812 - append_predict.main - INFO - save predict_lottery_id : 201808090539
2018-08-09 16:58:43,812 - append_predict.main - INFO - save purchase_number_list : [-1, -1, -1, -1, 1]
2018-08-09 16:58:43,898 - append_predict.thread - INFO - start purchase
2018-08-09 16:58:53,854 - append_predict.main - DEBUG - predicts is null
2018-08-09 16:58:53,854 - append_predict.main - DEBUG - lottery_id: 0
2018-08-09 16:59:03,855 - append_predict.main - DEBUG - no predict record in history
2018-08-09 16:59:03,918 - append_predict.main - INFO - save predict_lottery_id : 201808090539
2018-08-09 16:59:03,918 - append_predict.main - INFO - save purchase_number_list : [-1, -1, -1, -1, 1]
2018-08-09 16:59:04,039 - append_predict.thread - INFO - start purchase
2018-08-09 16:59:14,184 - append_predict.main - DEBUG - predicts is null
2018-08-09 16:59:14,184 - append_predict.main - DEBUG - lottery_id: 0
2018-08-09 16:59:24,186 - append_predict.main - DEBUG - no predict record in history
2018-08-09 16:59:24,256 - append_predict.main - INFO - save predict_lottery_id : 201808090539
2018-08-09 16:59:24,256 - append_predict.main - INFO - save purchase_number_list : [-1, -1, -1, -1, 1]
2018-08-09 16:59:24,372 - append_predict.thread - INFO - start purchase
2018-08-09 16:59:34,855 - append_predict.main - DEBUG - predicts is null
2018-08-09 16:59:34,855 - append_predict.main - DEBUG - lottery_id: 0
2018-08-09 16:59:44,855 - append_predict.main - DEBUG - no predict record in history
2018-08-09 16:59:44,910 - append_predict.main - INFO - save predict_lottery_id : 201808090540
2018-08-09 16:59:44,910 - append_predict.main - INFO - save purchase_number_list : [-1, -1, -1, -1, 0]
2018-08-09 16:59:44,999 - append_predict.thread - INFO - start purchase
2018-08-09 16:59:55,098 - append_predict.main - DEBUG - predicts is null
2018-08-09 16:59:55,098 - append_predict.main - DEBUG - lottery_id: 0
2018-08-09 17:00:05,099 - append_predict.main - DEBUG - no predict record in history
2018-08-09 17:00:05,167 - append_predict.main - INFO - save predict_lottery_id : 201808090540
2018-08-09 17:00:05,167 - append_predict.main - INFO - save purchase_number_list : [-1, -1, -1, -1, 0]
2018-08-09 17:00:05,256 - append_predict.thread - INFO - start purchase
2018-08-09 17:00:15,513 - append_predict.main - DEBUG - predicts is null
2018-08-09 17:00:15,513 - append_predict.main - DEBUG - lottery_id: 0
2018-08-09 17:00:25,515 - append_predict.main - DEBUG - no predict record in history
2018-08-09 17:00:25,619 - append_predict.main - INFO - save predict_lottery_id : 201808090541
2018-08-09 17:00:25,619 - append_predict.main - INFO - save purchase_number_list : [0, -1, -1, -1, 1]
2018-08-09 17:00:25,713 - append_predict.thread - INFO - start purchase
2018-08-09 17:00:35,664 - append_predict.main - DEBUG - predicts is null
2018-08-09 17:00:35,664 - append_predict.main - DEBUG - lottery_id: 0
2018-08-09 17:00:45,664 - append_predict.main - DEBUG - no predict record in history
2018-08-09 17:00:45,733 - append_predict.main - INFO - save predict_lottery_id : 201808090541
2018-08-09 17:00:45,733 - append_predict.main - INFO - save purchase_number_list : [0, -1, -1, -1, 1]
2018-08-09 17:00:45,846 - append_predict.thread - INFO - start purchase
2018-08-09 17:00:56,039 - append_predict.main - DEBUG - predicts is null
2018-08-09 17:00:56,039 - append_predict.main - DEBUG - lottery_id: 0
2018-08-09 17:01:06,040 - append_predict.main - DEBUG - no predict record in history
2018-08-09 17:01:06,112 - append_predict.main - INFO - save predict_lottery_id : 201808090541
2018-08-09 17:01:06,114 - append_predict.main - INFO - save purchase_number_list : [0, -1, -1, -1, 1]
2018-08-09 17:01:06,276 - append_predict.thread - INFO - start purchase
2018-08-09 17:01:16,693 - append_predict.main - DEBUG - predicts is null
2018-08-09 17:01:16,693 - append_predict.main - DEBUG - lottery_id: 0
2018-08-09 17:01:26,694 - append_predict.main - DEBUG - no predict record in history
2018-08-09 17:01:26,783 - append_predict.main - INFO - save predict_lottery_id : 201808090542
2018-08-09 17:01:26,783 - append_predict.main - INFO - save purchase_number_list : [-1, -1, -1, -1, 0]
2018-08-09 17:01:27,043 - append_predict.thread - INFO - start purchase
2018-08-09 17:01:37,049 - append_predict.main - DEBUG - predicts is null
2018-08-09 17:01:37,055 - append_predict.main - DEBUG - lottery_id: 0
2018-08-09 17:01:47,055 - append_predict.main - DEBUG - no predict record in history
2018-08-09 17:01:47,128 - append_predict.main - INFO - save predict_lottery_id : 201808090542
2018-08-09 17:01:47,128 - append_predict.main - INFO - save purchase_number_list : [-1, -1, -1, -1, 0]
2018-08-09 17:01:47,219 - append_predict.thread - INFO - start purchase
2018-08-09 17:01:57,203 - append_predict.main - DEBUG - predicts is null
2018-08-09 17:01:57,203 - append_predict.main - DEBUG - lottery_id: 0
2018-08-09 17:02:07,203 - append_predict.main - DEBUG - no predict record in history
2018-08-09 17:02:07,285 - append_predict.main - INFO - save predict_lottery_id : 201808090542
2018-08-09 17:02:07,285 - append_predict.main - INFO - save purchase_number_list : [-1, -1, -1, -1, 0]
2018-08-09 17:02:07,369 - append_predict.thread - INFO - start purchase
2018-08-09 17:02:17,415 - append_predict.main - DEBUG - predicts is null
2018-08-09 17:02:17,415 - append_predict.main - DEBUG - lottery_id: 0
2018-08-09 17:02:27,417 - append_predict.main - DEBUG - no predict record in history
2018-08-09 17:02:27,477 - append_predict.main - INFO - save predict_lottery_id : 201808090543
2018-08-09 17:02:27,477 - append_predict.main - INFO - save purchase_number_list : [-1, -1, -1, -1, 1]
2018-08-09 17:02:27,601 - append_predict.thread - INFO - start purchase
