2018-09-03 20:23:34,154 - append_predict.main - INFO - qnm123456qnm not start
2018-09-03 20:23:34,233 - append_predict.main - INFO - 08520aaaa not start
2018-09-03 20:23:55,016 - append_predict.main - DEBUG - thread is not alive start!!!
2018-09-03 20:23:55,017 - append_predict.thread - INFO - start purchase
2018-09-03 20:23:56,865 - append_predict.spider_pk10 - INFO - base_date_forward_six:20180903
2018-09-03 20:23:56,865 - append_predict.spider_pk10 - INFO - base_date:20180903
2018-09-03 20:23:57,232 - append_predict.spider_pk10 - INFO -  6 hours ago is:20180903
2018-09-03 20:25:23,740 - append_predict.main - DEBUG - predicts is null
2018-09-03 20:25:23,742 - append_predict.main - DEBUG - lottery_id: 0
2018-09-03 20:25:23,742 - append_predict.main - DEBUG - no predict record in history
2018-09-03 20:25:23,762 - append_predict.main - INFO - save predict_lottery_id : 201809030744
2018-09-03 20:25:23,762 - append_predict.main - INFO - save purchase_number_list : [-1, -1, -1, -1, -1]
2018-09-03 20:25:24,921 - append_predict.thread - INFO - start purchase
2018-09-03 20:25:26,617 - append_predict.spider_pk10 - INFO - base_date_forward_six:20180903
2018-09-03 20:25:26,617 - append_predict.spider_pk10 - INFO - base_date:20180903
2018-09-03 20:25:27,141 - append_predict.spider_pk10 - INFO -  6 hours ago is:20180903
2018-09-03 20:25:28,394 - append_predict.main - DEBUG - lottery_id: 201809030744
2018-09-03 20:25:28,395 - append_predict.main - INFO - lottery_num: 4,1,3,3,8
2018-09-03 20:25:28,397 - append_predict.main - DEBUG - mingci [1]: 0
2018-09-03 20:25:28,397 - append_predict.main - DEBUG - purchase_number_list[i]: [u'[-1']
2018-09-03 20:25:28,397 - append_predict.main - DEBUG - mingci [2]: 1
2018-09-03 20:25:28,397 - append_predict.main - DEBUG - purchase_number_list[i]: [u' -1']
2018-09-03 20:25:28,397 - append_predict.main - DEBUG - mingci [3]: 1
2018-09-03 20:25:28,398 - append_predict.main - DEBUG - purchase_number_list[i]: [u' -1']
2018-09-03 20:25:28,398 - append_predict.main - DEBUG - mingci [4]: 1
2018-09-03 20:25:28,398 - append_predict.main - DEBUG - purchase_number_list[i]: [u' -1']
2018-09-03 20:25:28,398 - append_predict.main - DEBUG - mingci [5]: 0
2018-09-03 20:25:28,398 - append_predict.main - DEBUG - purchase_number_list[i]: [u' -1]']
2018-09-03 20:25:28,398 - append_predict.main - DEBUG - ------all_count: 5  ----target_count: 0 
2018-09-03 20:25:28,398 - append_predict.main - DEBUG - target_count: 0.000000
2018-09-03 20:25:28,513 - append_predict.main - INFO - save predict_lottery_id : 201809030746
2018-09-03 20:25:28,515 - append_predict.main - INFO - save purchase_number_list : [-1, -1, -1, -1, -1]
2018-09-03 20:25:29,631 - append_predict.thread - INFO - start purchase
2018-09-03 20:25:31,454 - append_predict.spider_pk10 - INFO - base_date_forward_six:20180903
2018-09-03 20:25:31,454 - append_predict.spider_pk10 - INFO - base_date:20180903
2018-09-03 20:25:31,888 - append_predict.spider_pk10 - INFO -  6 hours ago is:20180903
2018-09-03 20:25:33,025 - append_predict.main - DEBUG - lottery_id: 201809030746
2018-09-03 20:25:33,026 - append_predict.main - INFO - lottery_num: 0
2018-09-03 20:25:33,026 - append_predict.main - ERROR - wait kaijiang. continue....
2018-09-03 20:25:35,698 - append_predict.spider_pk10 - INFO - base_date_forward_six:20180903
2018-09-03 20:25:35,698 - append_predict.spider_pk10 - INFO - base_date:20180903
2018-09-03 20:25:36,068 - append_predict.spider_pk10 - INFO -  6 hours ago is:20180903
2018-09-03 20:25:37,206 - append_predict.main - DEBUG - lottery_id: 201809030746
2018-09-03 20:25:37,207 - append_predict.main - INFO - lottery_num: 0
2018-09-03 20:25:37,207 - append_predict.main - ERROR - wait kaijiang. continue....
2018-09-03 20:25:39,957 - append_predict.spider_pk10 - INFO - base_date_forward_six:20180903
2018-09-03 20:25:39,957 - append_predict.spider_pk10 - INFO - base_date:20180903
2018-09-03 20:25:40,424 - append_predict.spider_pk10 - INFO -  6 hours ago is:20180903
2018-09-03 20:25:41,529 - append_predict.main - DEBUG - lottery_id: 201809030746
2018-09-03 20:25:41,530 - append_predict.main - INFO - lottery_num: 0
2018-09-03 20:25:41,530 - append_predict.main - ERROR - wait kaijiang. continue....
2018-09-03 20:25:44,390 - append_predict.spider_pk10 - INFO - base_date_forward_six:20180903
2018-09-03 20:25:44,390 - append_predict.spider_pk10 - INFO - base_date:20180903
2018-09-03 20:25:44,877 - append_predict.spider_pk10 - INFO -  6 hours ago is:20180903
2018-09-03 20:25:45,904 - append_predict.main - DEBUG - lottery_id: 201809030746
2018-09-03 20:25:45,904 - append_predict.main - INFO - lottery_num: 0
2018-09-03 20:25:45,904 - append_predict.main - ERROR - wait kaijiang. continue....
2018-09-03 20:25:48,497 - append_predict.spider_pk10 - INFO - base_date_forward_six:20180903
2018-09-03 20:25:48,497 - append_predict.spider_pk10 - INFO - base_date:20180903
2018-09-03 20:25:49,045 - append_predict.spider_pk10 - INFO -  6 hours ago is:20180903
2018-09-03 20:25:50,111 - append_predict.main - DEBUG - lottery_id: 201809030746
2018-09-03 20:25:50,114 - append_predict.main - INFO - lottery_num: 0
2018-09-03 20:25:50,114 - append_predict.main - ERROR - wait kaijiang. continue....
2018-09-03 20:25:52,887 - append_predict.spider_pk10 - INFO - base_date_forward_six:20180903
2018-09-03 20:25:52,887 - append_predict.spider_pk10 - INFO - base_date:20180903
2018-09-03 20:25:53,276 - append_predict.spider_pk10 - INFO -  6 hours ago is:20180903
2018-09-03 20:25:54,375 - append_predict.main - DEBUG - lottery_id: 201809030746
2018-09-03 20:25:54,377 - append_predict.main - INFO - lottery_num: 0
2018-09-03 20:25:54,378 - append_predict.main - ERROR - wait kaijiang. continue....
2018-09-03 20:25:57,176 - append_predict.spider_pk10 - INFO - base_date_forward_six:20180903
2018-09-03 20:25:57,176 - append_predict.spider_pk10 - INFO - base_date:20180903
2018-09-03 20:25:57,480 - append_predict.spider_pk10 - INFO -  6 hours ago is:20180903
2018-09-03 20:25:58,549 - append_predict.main - DEBUG - lottery_id: 201809030746
2018-09-03 20:25:58,551 - append_predict.main - INFO - lottery_num: 0
2018-09-03 20:25:58,552 - append_predict.main - ERROR - wait kaijiang. continue....
2018-09-03 20:26:01,368 - append_predict.spider_pk10 - INFO - base_date_forward_six:20180903
2018-09-03 20:26:01,368 - append_predict.spider_pk10 - INFO - base_date:20180903
2018-09-03 20:26:02,019 - append_predict.spider_pk10 - INFO -  6 hours ago is:20180903
2018-09-03 20:26:03,056 - append_predict.main - DEBUG - lottery_id: 201809030746
2018-09-03 20:26:03,058 - append_predict.main - INFO - lottery_num: 0
2018-09-03 20:26:03,059 - append_predict.main - ERROR - wait kaijiang. continue....
2018-09-03 20:26:05,739 - append_predict.spider_pk10 - INFO - base_date_forward_six:20180903
2018-09-03 20:26:05,739 - append_predict.spider_pk10 - INFO - base_date:20180903
2018-09-03 20:26:06,059 - append_predict.spider_pk10 - INFO -  6 hours ago is:20180903
2018-09-03 20:26:07,105 - append_predict.main - DEBUG - lottery_id: 201809030746
2018-09-03 20:26:07,107 - append_predict.main - INFO - lottery_num: 0
2018-09-03 20:26:07,107 - append_predict.main - ERROR - wait kaijiang. continue....
2018-09-03 20:26:09,971 - append_predict.spider_pk10 - INFO - base_date_forward_six:20180903
2018-09-03 20:26:09,971 - append_predict.spider_pk10 - INFO - base_date:20180903
2018-09-03 20:26:10,295 - append_predict.spider_pk10 - INFO -  6 hours ago is:20180903
2018-09-03 20:26:11,526 - append_predict.main - DEBUG - lottery_id: 201809030746
2018-09-03 20:26:11,529 - append_predict.main - INFO - lottery_num: 0,4,2,3,9
2018-09-03 20:26:11,529 - append_predict.main - DEBUG - mingci [1]: 0
2018-09-03 20:26:11,529 - append_predict.main - DEBUG - purchase_number_list[i]: [u'[-1']
2018-09-03 20:26:11,530 - append_predict.main - DEBUG - mingci [2]: 0
2018-09-03 20:26:11,530 - append_predict.main - DEBUG - purchase_number_list[i]: [u' -1']
2018-09-03 20:26:11,530 - append_predict.main - DEBUG - mingci [3]: 0
2018-09-03 20:26:11,530 - append_predict.main - DEBUG - purchase_number_list[i]: [u' -1']
2018-09-03 20:26:11,530 - append_predict.main - DEBUG - mingci [4]: 1
2018-09-03 20:26:11,532 - append_predict.main - DEBUG - purchase_number_list[i]: [u' -1']
2018-09-03 20:26:11,532 - append_predict.main - DEBUG - mingci [5]: 1
2018-09-03 20:26:11,532 - append_predict.main - DEBUG - purchase_number_list[i]: [u' -1]']
2018-09-03 20:26:11,532 - append_predict.main - DEBUG - ------all_count: 5  ----target_count: 0 
2018-09-03 20:26:11,532 - append_predict.main - DEBUG - target_count: 0.000000
2018-09-03 20:26:11,644 - append_predict.main - INFO - save predict_lottery_id : 201809030747
2018-09-03 20:26:11,644 - append_predict.main - INFO - save purchase_number_list : [-1, -1, -1, -1, -1]
2018-09-03 20:26:12,894 - append_predict.thread - INFO - start purchase
2018-09-03 20:26:14,510 - append_predict.spider_pk10 - INFO - base_date_forward_six:20180903
2018-09-03 20:26:14,510 - append_predict.spider_pk10 - INFO - base_date:20180903
2018-09-03 20:26:14,846 - append_predict.spider_pk10 - INFO -  6 hours ago is:20180903
2018-09-03 20:26:15,956 - append_predict.main - DEBUG - lottery_id: 201809030747
2018-09-03 20:26:15,957 - append_predict.main - INFO - lottery_num: 0
2018-09-03 20:26:15,957 - append_predict.main - ERROR - wait kaijiang. continue....
2018-09-03 20:26:20,055 - append_predict.spider_pk10 - INFO - base_date_forward_six:20180903
2018-09-03 20:26:20,055 - append_predict.spider_pk10 - INFO - base_date:20180903
2018-09-03 20:26:20,131 - append_predict.spider_pk10 - INFO -  6 hours ago is:20180903
2018-09-03 20:26:21,301 - append_predict.main - DEBUG - lottery_id: 201809030747
2018-09-03 20:26:21,302 - append_predict.main - INFO - lottery_num: 0
2018-09-03 20:26:21,302 - append_predict.main - ERROR - wait kaijiang. continue....
2018-09-03 20:26:25,461 - append_predict.spider_pk10 - INFO - base_date_forward_six:20180903
2018-09-03 20:26:25,461 - append_predict.spider_pk10 - INFO - base_date:20180903
2018-09-03 20:26:25,545 - append_predict.spider_pk10 - INFO -  6 hours ago is:20180903
2018-09-03 20:26:26,622 - append_predict.main - DEBUG - lottery_id: 201809030747
2018-09-03 20:26:26,625 - append_predict.main - INFO - lottery_num: 0
2018-09-03 20:26:26,625 - append_predict.main - ERROR - wait kaijiang. continue....
2018-09-03 20:26:29,216 - append_predict.spider_pk10 - INFO - base_date_forward_six:20180903
2018-09-03 20:26:29,216 - append_predict.spider_pk10 - INFO - base_date:20180903
2018-09-03 20:26:29,523 - append_predict.spider_pk10 - INFO -  6 hours ago is:20180903
2018-09-03 20:26:30,638 - append_predict.main - DEBUG - lottery_id: 201809030747
2018-09-03 20:26:30,641 - append_predict.main - INFO - lottery_num: 0
2018-09-03 20:26:30,641 - append_predict.main - ERROR - wait kaijiang. continue....
2018-09-03 20:26:35,966 - append_predict.spider_pk10 - INFO - base_date_forward_six:20180903
2018-09-03 20:26:35,966 - append_predict.spider_pk10 - INFO - base_date:20180903
2018-09-03 20:26:36,042 - append_predict.spider_pk10 - INFO -  6 hours ago is:20180903
2018-09-03 20:26:37,148 - append_predict.main - DEBUG - lottery_id: 201809030747
2018-09-03 20:26:37,150 - append_predict.main - INFO - lottery_num: 0
2018-09-03 20:26:37,151 - append_predict.main - ERROR - wait kaijiang. continue....
2018-09-03 20:26:39,819 - append_predict.spider_pk10 - INFO - base_date_forward_six:20180903
2018-09-03 20:26:39,819 - append_predict.spider_pk10 - INFO - base_date:20180903
2018-09-03 20:26:40,092 - append_predict.spider_pk10 - INFO -  6 hours ago is:20180903
2018-09-03 20:26:41,178 - append_predict.main - DEBUG - lottery_id: 201809030747
2018-09-03 20:26:41,181 - append_predict.main - INFO - lottery_num: 0
2018-09-03 20:26:41,183 - append_predict.main - ERROR - wait kaijiang. continue....
2018-09-03 20:26:43,992 - append_predict.spider_pk10 - INFO - base_date_forward_six:20180903
2018-09-03 20:26:43,992 - append_predict.spider_pk10 - INFO - base_date:20180903
2018-09-03 20:26:49,038 - append_predict.spider_pk10 - INFO -  6 hours ago is:20180903
2018-09-03 20:26:50,137 - append_predict.main - DEBUG - lottery_id: 201809030747
2018-09-03 20:26:50,138 - append_predict.main - INFO - lottery_num: 0
2018-09-03 20:26:50,138 - append_predict.main - ERROR - wait kaijiang. continue....
2018-09-03 20:26:56,286 - append_predict.spider_pk10 - INFO - base_date_forward_six:20180903
2018-09-03 20:26:56,286 - append_predict.spider_pk10 - INFO - base_date:20180903
2018-09-03 20:26:56,631 - append_predict.spider_pk10 - INFO -  6 hours ago is:20180903
2018-09-03 20:26:57,829 - append_predict.main - DEBUG - lottery_id: 201809030747
2018-09-03 20:26:57,831 - append_predict.main - INFO - lottery_num: 0
2018-09-03 20:26:57,831 - append_predict.main - ERROR - wait kaijiang. continue....
2018-09-03 20:27:00,423 - append_predict.spider_pk10 - INFO - base_date_forward_six:20180903
2018-09-03 20:27:00,423 - append_predict.spider_pk10 - INFO - base_date:20180903
2018-09-03 20:27:00,732 - append_predict.spider_pk10 - INFO -  6 hours ago is:20180903
2018-09-03 20:27:01,803 - append_predict.main - DEBUG - lottery_id: 201809030747
2018-09-03 20:27:01,805 - append_predict.main - INFO - lottery_num: 0
2018-09-03 20:27:01,805 - append_predict.main - ERROR - wait kaijiang. continue....
2018-09-03 20:27:04,598 - append_predict.spider_pk10 - INFO - base_date_forward_six:20180903
2018-09-03 20:27:04,598 - append_predict.spider_pk10 - INFO - base_date:20180903
2018-09-03 20:27:05,184 - append_predict.spider_pk10 - INFO -  6 hours ago is:20180903
2018-09-03 20:27:06,263 - append_predict.main - DEBUG - lottery_id: 201809030747
2018-09-03 20:27:06,265 - append_predict.main - INFO - lottery_num: 0
2018-09-03 20:27:06,265 - append_predict.main - ERROR - wait kaijiang. continue....
2018-09-03 20:27:08,894 - append_predict.spider_pk10 - INFO - base_date_forward_six:20180903
2018-09-03 20:27:08,895 - append_predict.spider_pk10 - INFO - base_date:20180903
2018-09-03 20:27:09,265 - append_predict.spider_pk10 - INFO -  6 hours ago is:20180903
2018-09-03 20:27:10,431 - append_predict.main - DEBUG - lottery_id: 201809030747
2018-09-03 20:27:10,434 - append_predict.main - INFO - lottery_num: 4,7,6,1,2
2018-09-03 20:27:10,434 - append_predict.main - DEBUG - mingci [1]: 0
2018-09-03 20:27:10,434 - append_predict.main - DEBUG - purchase_number_list[i]: [u'[-1']
2018-09-03 20:27:10,434 - append_predict.main - DEBUG - mingci [2]: 1
2018-09-03 20:27:10,434 - append_predict.main - DEBUG - purchase_number_list[i]: [u' -1']
2018-09-03 20:27:10,434 - append_predict.main - DEBUG - mingci [3]: 0
2018-09-03 20:27:10,434 - append_predict.main - DEBUG - purchase_number_list[i]: [u' -1']
2018-09-03 20:27:10,436 - append_predict.main - DEBUG - mingci [4]: 1
2018-09-03 20:27:10,436 - append_predict.main - DEBUG - purchase_number_list[i]: [u' -1']
2018-09-03 20:27:10,437 - append_predict.main - DEBUG - mingci [5]: 0
2018-09-03 20:27:10,437 - append_predict.main - DEBUG - purchase_number_list[i]: [u' -1]']
2018-09-03 20:27:10,437 - append_predict.main - DEBUG - ------all_count: 5  ----target_count: 0 
2018-09-03 20:27:10,437 - append_predict.main - DEBUG - target_count: 0.000000
2018-09-03 20:27:10,608 - append_predict.main - INFO - save predict_lottery_id : 201809030748
2018-09-03 20:27:10,611 - append_predict.main - INFO - save purchase_number_list : [-1, -1, -1, -1, -1]
2018-09-03 20:27:11,700 - append_predict.thread - INFO - start purchase
2018-09-03 20:27:13,334 - append_predict.spider_pk10 - INFO - base_date_forward_six:20180903
2018-09-03 20:27:13,334 - append_predict.spider_pk10 - INFO - base_date:20180903
2018-09-03 20:27:13,687 - append_predict.spider_pk10 - INFO -  6 hours ago is:20180903
2018-09-03 20:27:14,726 - append_predict.main - DEBUG - lottery_id: 201809030748
2018-09-03 20:27:14,729 - append_predict.main - INFO - lottery_num: 0
2018-09-03 20:27:14,729 - append_predict.main - ERROR - wait kaijiang. continue....
2018-09-03 20:27:17,404 - append_predict.spider_pk10 - INFO - base_date_forward_six:20180903
2018-09-03 20:27:17,404 - append_predict.spider_pk10 - INFO - base_date:20180903
2018-09-03 20:27:17,696 - append_predict.spider_pk10 - INFO -  6 hours ago is:20180903
2018-09-03 20:27:18,721 - append_predict.main - DEBUG - lottery_id: 201809030748
2018-09-03 20:27:18,723 - append_predict.main - INFO - lottery_num: 0
2018-09-03 20:27:18,724 - append_predict.main - ERROR - wait kaijiang. continue....
2018-09-03 20:27:21,671 - append_predict.spider_pk10 - INFO - base_date_forward_six:20180903
2018-09-03 20:27:21,671 - append_predict.spider_pk10 - INFO - base_date:20180903
2018-09-03 20:27:21,951 - append_predict.spider_pk10 - INFO -  6 hours ago is:20180903
2018-09-03 20:27:23,022 - append_predict.main - DEBUG - lottery_id: 201809030748
2018-09-03 20:27:23,023 - append_predict.main - INFO - lottery_num: 0
2018-09-03 20:27:23,023 - append_predict.main - ERROR - wait kaijiang. continue....
2018-09-03 20:27:25,687 - append_predict.spider_pk10 - INFO - base_date_forward_six:20180903
2018-09-03 20:27:25,687 - append_predict.spider_pk10 - INFO - base_date:20180903
2018-09-03 20:27:25,982 - append_predict.spider_pk10 - INFO -  6 hours ago is:20180903
2018-09-03 20:27:27,131 - append_predict.main - DEBUG - lottery_id: 201809030748
2018-09-03 20:27:27,131 - append_predict.main - INFO - lottery_num: 0
2018-09-03 20:27:27,132 - append_predict.main - ERROR - wait kaijiang. continue....
2018-09-03 20:27:29,858 - append_predict.spider_pk10 - INFO - base_date_forward_six:20180903
2018-09-03 20:27:29,858 - append_predict.spider_pk10 - INFO - base_date:20180903
2018-09-03 20:27:30,095 - append_predict.spider_pk10 - INFO -  6 hours ago is:20180903
2018-09-03 20:27:31,194 - append_predict.main - DEBUG - lottery_id: 201809030748
2018-09-03 20:27:31,196 - append_predict.main - INFO - lottery_num: 0
2018-09-03 20:27:31,196 - append_predict.main - ERROR - wait kaijiang. continue....
2018-09-03 20:27:34,901 - append_predict.spider_pk10 - INFO - base_date_forward_six:20180903
2018-09-03 20:27:34,901 - append_predict.spider_pk10 - INFO - base_date:20180903
2018-09-03 20:27:34,977 - append_predict.spider_pk10 - INFO -  6 hours ago is:20180903
2018-09-03 20:27:36,039 - append_predict.main - DEBUG - lottery_id: 201809030748
2018-09-03 20:27:36,040 - append_predict.main - INFO - lottery_num: 0
2018-09-03 20:27:36,042 - append_predict.main - ERROR - wait kaijiang. continue....
2018-09-03 20:27:39,892 - append_predict.spider_pk10 - INFO - base_date_forward_six:20180903
2018-09-03 20:27:39,894 - append_predict.spider_pk10 - INFO - base_date:20180903
2018-09-03 20:27:39,973 - append_predict.spider_pk10 - INFO -  6 hours ago is:20180903
2018-09-03 20:27:41,017 - append_predict.main - DEBUG - lottery_id: 201809030748
2018-09-03 20:27:41,019 - append_predict.main - INFO - lottery_num: 0
2018-09-03 20:27:41,019 - append_predict.main - ERROR - wait kaijiang. continue....
2018-09-03 20:27:44,727 - append_predict.spider_pk10 - INFO - base_date_forward_six:20180903
2018-09-03 20:27:44,727 - append_predict.spider_pk10 - INFO - base_date:20180903
2018-09-03 20:27:45,114 - append_predict.spider_pk10 - INFO -  6 hours ago is:20180903
2018-09-03 20:27:46,256 - append_predict.main - DEBUG - lottery_id: 201809030748
2018-09-03 20:27:46,257 - append_predict.main - INFO - lottery_num: 0
2018-09-03 20:27:46,257 - append_predict.main - ERROR - wait kaijiang. continue....
2018-09-03 20:27:48,901 - append_predict.spider_pk10 - INFO - base_date_forward_six:20180903
2018-09-03 20:27:48,901 - append_predict.spider_pk10 - INFO - base_date:20180903
2018-09-03 20:27:49,237 - append_predict.spider_pk10 - INFO -  6 hours ago is:20180903
2018-09-03 20:27:50,331 - append_predict.main - DEBUG - lottery_id: 201809030748
2018-09-03 20:27:50,332 - append_predict.main - INFO - lottery_num: 0
2018-09-03 20:27:50,332 - append_predict.main - ERROR - wait kaijiang. continue....
2018-09-03 20:27:53,144 - append_predict.spider_pk10 - INFO - base_date_forward_six:20180903
2018-09-03 20:27:53,144 - append_predict.spider_pk10 - INFO - base_date:20180903
2018-09-03 20:27:53,463 - append_predict.spider_pk10 - INFO -  6 hours ago is:20180903
2018-09-03 20:27:54,471 - append_predict.main - DEBUG - lottery_id: 201809030748
2018-09-03 20:27:54,473 - append_predict.main - INFO - lottery_num: 0
2018-09-03 20:27:54,474 - append_predict.main - ERROR - wait kaijiang. continue....
2018-09-03 20:28:01,151 - append_predict.spider_pk10 - INFO - base_date_forward_six:20180903
2018-09-03 20:28:01,151 - append_predict.spider_pk10 - INFO - base_date:20180903
2018-09-03 20:28:01,446 - append_predict.spider_pk10 - INFO -  6 hours ago is:20180903
2018-09-03 20:28:02,502 - append_predict.main - DEBUG - lottery_id: 201809030748
2018-09-03 20:28:02,503 - append_predict.main - INFO - lottery_num: 0
2018-09-03 20:28:02,505 - append_predict.main - ERROR - wait kaijiang. continue....
2018-09-03 20:28:05,210 - append_predict.spider_pk10 - INFO - base_date_forward_six:20180903
2018-09-03 20:28:05,210 - append_predict.spider_pk10 - INFO - base_date:20180903
2018-09-03 20:28:05,526 - append_predict.spider_pk10 - INFO -  6 hours ago is:20180903
2018-09-03 20:28:06,622 - append_predict.main - DEBUG - lottery_id: 201809030748
2018-09-03 20:28:06,625 - append_predict.main - INFO - lottery_num: 0
2018-09-03 20:28:06,625 - append_predict.main - ERROR - wait kaijiang. continue....
2018-09-03 20:28:09,421 - append_predict.spider_pk10 - INFO - base_date_forward_six:20180903
2018-09-03 20:28:09,421 - append_predict.spider_pk10 - INFO - base_date:20180903
2018-09-03 20:28:09,778 - append_predict.spider_pk10 - INFO -  6 hours ago is:20180903
2018-09-03 20:28:11,063 - append_predict.main - DEBUG - lottery_id: 201809030748
2018-09-03 20:28:11,065 - append_predict.main - INFO - lottery_num: 5,9,3,0,5
2018-09-03 20:28:11,066 - append_predict.main - DEBUG - mingci [1]: 1
2018-09-03 20:28:11,066 - append_predict.main - DEBUG - purchase_number_list[i]: [u'[-1']
2018-09-03 20:28:11,068 - append_predict.main - DEBUG - mingci [2]: 1
2018-09-03 20:28:11,068 - append_predict.main - DEBUG - purchase_number_list[i]: [u' -1']
2018-09-03 20:28:11,069 - append_predict.main - DEBUG - mingci [3]: 1
2018-09-03 20:28:11,069 - append_predict.main - DEBUG - purchase_number_list[i]: [u' -1']
2018-09-03 20:28:11,069 - append_predict.main - DEBUG - mingci [4]: 0
2018-09-03 20:28:11,069 - append_predict.main - DEBUG - purchase_number_list[i]: [u' -1']
2018-09-03 20:28:11,069 - append_predict.main - DEBUG - mingci [5]: 1
2018-09-03 20:28:11,069 - append_predict.main - DEBUG - purchase_number_list[i]: [u' -1]']
2018-09-03 20:28:11,069 - append_predict.main - DEBUG - ------all_count: 5  ----target_count: 0 
2018-09-03 20:28:11,069 - append_predict.main - DEBUG - target_count: 0.000000
2018-09-03 20:28:11,161 - append_predict.main - INFO - save predict_lottery_id : 201809030749
2018-09-03 20:28:11,161 - append_predict.main - INFO - save purchase_number_list : [-1, -1, -1, -1, -1]
2018-09-03 20:28:12,259 - append_predict.thread - INFO - start purchase
2018-09-03 20:28:14,079 - append_predict.spider_pk10 - INFO - base_date_forward_six:20180903
2018-09-03 20:28:14,079 - append_predict.spider_pk10 - INFO - base_date:20180903
2018-09-03 20:28:14,338 - append_predict.spider_pk10 - INFO -  6 hours ago is:20180903
2018-09-03 20:28:15,414 - append_predict.main - DEBUG - lottery_id: 201809030749
2018-09-03 20:28:15,417 - append_predict.main - INFO - lottery_num: 0
2018-09-03 20:28:15,417 - append_predict.main - ERROR - wait kaijiang. continue....
2018-09-03 20:28:18,061 - append_predict.spider_pk10 - INFO - base_date_forward_six:20180903
2018-09-03 20:28:18,061 - append_predict.spider_pk10 - INFO - base_date:20180903
2018-09-03 20:28:18,381 - append_predict.spider_pk10 - INFO -  6 hours ago is:20180903
2018-09-03 20:28:19,447 - append_predict.main - DEBUG - lottery_id: 201809030749
2018-09-03 20:28:19,450 - append_predict.main - INFO - lottery_num: 0
2018-09-03 20:28:19,450 - append_predict.main - ERROR - wait kaijiang. continue....
2018-09-03 20:28:22,378 - append_predict.spider_pk10 - INFO - base_date_forward_six:20180903
2018-09-03 20:28:22,380 - append_predict.spider_pk10 - INFO - base_date:20180903
2018-09-03 20:28:22,648 - append_predict.spider_pk10 - INFO -  6 hours ago is:20180903
2018-09-03 20:28:23,711 - append_predict.main - DEBUG - lottery_id: 201809030749
2018-09-03 20:28:23,713 - append_predict.main - INFO - lottery_num: 0
2018-09-03 20:28:23,713 - append_predict.main - ERROR - wait kaijiang. continue....
2018-09-03 20:28:26,466 - append_predict.spider_pk10 - INFO - base_date_forward_six:20180903
2018-09-03 20:28:26,466 - append_predict.spider_pk10 - INFO - base_date:20180903
2018-09-03 20:28:26,753 - append_predict.spider_pk10 - INFO -  6 hours ago is:20180903
2018-09-03 20:28:27,789 - append_predict.main - DEBUG - lottery_id: 201809030749
2018-09-03 20:28:27,790 - append_predict.main - INFO - lottery_num: 0
2018-09-03 20:28:27,790 - append_predict.main - ERROR - wait kaijiang. continue....
2018-09-03 20:28:30,388 - append_predict.spider_pk10 - INFO - base_date_forward_six:20180903
2018-09-03 20:28:30,388 - append_predict.spider_pk10 - INFO - base_date:20180903
2018-09-03 20:28:30,657 - append_predict.spider_pk10 - INFO -  6 hours ago is:20180903
2018-09-03 20:28:31,701 - append_predict.main - DEBUG - lottery_id: 201809030749
2018-09-03 20:28:31,703 - append_predict.main - INFO - lottery_num: 0
2018-09-03 20:28:31,703 - append_predict.main - ERROR - wait kaijiang. continue....
2018-09-03 20:28:34,545 - append_predict.spider_pk10 - INFO - base_date_forward_six:20180903
2018-09-03 20:28:34,545 - append_predict.spider_pk10 - INFO - base_date:20180903
2018-09-03 20:28:34,799 - append_predict.spider_pk10 - INFO -  6 hours ago is:20180903
2018-09-03 20:28:35,881 - append_predict.main - DEBUG - lottery_id: 201809030749
2018-09-03 20:28:35,882 - append_predict.main - INFO - lottery_num: 0
2018-09-03 20:28:35,882 - append_predict.main - ERROR - wait kaijiang. continue....
2018-09-03 20:28:38,460 - append_predict.spider_pk10 - INFO - base_date_forward_six:20180903
2018-09-03 20:28:38,460 - append_predict.spider_pk10 - INFO - base_date:20180903
2018-09-03 20:28:38,730 - append_predict.spider_pk10 - INFO -  6 hours ago is:20180903
2018-09-03 20:28:39,803 - append_predict.main - DEBUG - lottery_id: 201809030749
2018-09-03 20:28:39,806 - append_predict.main - INFO - lottery_num: 0
2018-09-03 20:28:39,806 - append_predict.main - ERROR - wait kaijiang. continue....
2018-09-03 20:28:42,780 - append_predict.spider_pk10 - INFO - base_date_forward_six:20180903
2018-09-03 20:28:42,780 - append_predict.spider_pk10 - INFO - base_date:20180903
2018-09-03 20:28:43,029 - append_predict.spider_pk10 - INFO -  6 hours ago is:20180903
2018-09-03 20:28:44,128 - append_predict.main - DEBUG - lottery_id: 201809030749
2018-09-03 20:28:44,131 - append_predict.main - INFO - lottery_num: 0
2018-09-03 20:28:44,134 - append_predict.main - ERROR - wait kaijiang. continue....
2018-09-03 20:28:46,753 - append_predict.spider_pk10 - INFO - base_date_forward_six:20180903
2018-09-03 20:28:46,753 - append_predict.spider_pk10 - INFO - base_date:20180903
2018-09-03 20:28:47,019 - append_predict.spider_pk10 - INFO -  6 hours ago is:20180903
2018-09-03 20:28:48,052 - append_predict.main - DEBUG - lottery_id: 201809030749
2018-09-03 20:28:48,055 - append_predict.main - INFO - lottery_num: 0
2018-09-03 20:28:48,055 - append_predict.main - ERROR - wait kaijiang. continue....
2018-09-03 20:28:50,756 - append_predict.spider_pk10 - INFO - base_date_forward_six:20180903
2018-09-03 20:28:50,756 - append_predict.spider_pk10 - INFO - base_date:20180903
2018-09-03 20:28:51,092 - append_predict.spider_pk10 - INFO -  6 hours ago is:20180903
2018-09-03 20:28:52,158 - append_predict.main - DEBUG - lottery_id: 201809030749
2018-09-03 20:28:52,161 - append_predict.main - INFO - lottery_num: 0
2018-09-03 20:28:52,161 - append_predict.main - ERROR - wait kaijiang. continue....
2018-09-03 20:28:54,930 - append_predict.spider_pk10 - INFO - base_date_forward_six:20180903
2018-09-03 20:28:54,930 - append_predict.spider_pk10 - INFO - base_date:20180903
2018-09-03 20:28:55,295 - append_predict.spider_pk10 - INFO -  6 hours ago is:20180903
2018-09-03 20:28:56,427 - append_predict.main - DEBUG - lottery_id: 201809030749
2018-09-03 20:28:56,428 - append_predict.main - INFO - lottery_num: 0
2018-09-03 20:28:56,428 - append_predict.main - ERROR - wait kaijiang. continue....
2018-09-03 20:28:59,187 - append_predict.spider_pk10 - INFO - base_date_forward_six:20180903
2018-09-03 20:28:59,187 - append_predict.spider_pk10 - INFO - base_date:20180903
2018-09-03 20:28:59,463 - append_predict.spider_pk10 - INFO -  6 hours ago is:20180903
2018-09-03 20:29:00,723 - append_predict.main - DEBUG - lottery_id: 201809030749
2018-09-03 20:29:00,726 - append_predict.main - INFO - lottery_num: 0
2018-09-03 20:29:00,726 - append_predict.main - ERROR - wait kaijiang. continue....
2018-09-03 20:29:03,371 - append_predict.spider_pk10 - INFO - base_date_forward_six:20180903
2018-09-03 20:29:03,371 - append_predict.spider_pk10 - INFO - base_date:20180903
2018-09-03 20:29:03,697 - append_predict.spider_pk10 - INFO -  6 hours ago is:20180903
2018-09-03 20:29:04,861 - append_predict.main - DEBUG - lottery_id: 201809030749
2018-09-03 20:29:04,862 - append_predict.main - INFO - lottery_num: 0
2018-09-03 20:29:04,862 - append_predict.main - ERROR - wait kaijiang. continue....
2018-09-03 20:29:07,680 - append_predict.spider_pk10 - INFO - base_date_forward_six:20180903
2018-09-03 20:29:07,680 - append_predict.spider_pk10 - INFO - base_date:20180903
2018-09-03 20:29:08,055 - append_predict.spider_pk10 - INFO -  6 hours ago is:20180903
2018-09-03 20:29:09,272 - append_predict.main - DEBUG - lottery_id: 201809030749
2018-09-03 20:29:09,273 - append_predict.main - INFO - lottery_num: 9,6,0,6,3
2018-09-03 20:29:09,273 - append_predict.main - DEBUG - mingci [1]: 1
2018-09-03 20:29:09,273 - append_predict.main - DEBUG - purchase_number_list[i]: [u'[-1']
2018-09-03 20:29:09,273 - append_predict.main - DEBUG - mingci [2]: 0
2018-09-03 20:29:09,273 - append_predict.main - DEBUG - purchase_number_list[i]: [u' -1']
2018-09-03 20:29:09,275 - append_predict.main - DEBUG - mingci [3]: 0
2018-09-03 20:29:09,275 - append_predict.main - DEBUG - purchase_number_list[i]: [u' -1']
2018-09-03 20:29:09,275 - append_predict.main - DEBUG - mingci [4]: 0
2018-09-03 20:29:09,275 - append_predict.main - DEBUG - purchase_number_list[i]: [u' -1']
2018-09-03 20:29:09,275 - append_predict.main - DEBUG - mingci [5]: 1
2018-09-03 20:29:09,276 - append_predict.main - DEBUG - purchase_number_list[i]: [u' -1]']
2018-09-03 20:29:09,276 - append_predict.main - DEBUG - ------all_count: 5  ----target_count: 0 
2018-09-03 20:29:09,276 - append_predict.main - DEBUG - target_count: 0.000000
2018-09-03 20:29:09,529 - append_predict.main - INFO - save predict_lottery_id : 201809030750
2018-09-03 20:29:09,529 - append_predict.main - INFO - save purchase_number_list : [-1, -1, -1, -1, -1]
2018-09-03 20:29:10,631 - append_predict.thread - INFO - start purchase
2018-09-03 20:29:12,256 - append_predict.spider_pk10 - INFO - base_date_forward_six:20180903
2018-09-03 20:29:12,256 - append_predict.spider_pk10 - INFO - base_date:20180903
2018-09-03 20:29:12,650 - append_predict.spider_pk10 - INFO -  6 hours ago is:20180903
2018-09-03 20:29:13,859 - append_predict.main - DEBUG - lottery_id: 201809030750
2018-09-03 20:29:13,862 - append_predict.main - INFO - lottery_num: 0
2018-09-03 20:29:13,862 - append_predict.main - ERROR - wait kaijiang. continue....
2018-09-03 20:29:16,673 - append_predict.spider_pk10 - INFO - base_date_forward_six:20180903
2018-09-03 20:29:16,673 - append_predict.spider_pk10 - INFO - base_date:20180903
2018-09-03 20:29:17,058 - append_predict.spider_pk10 - INFO -  6 hours ago is:20180903
2018-09-03 20:29:18,209 - append_predict.main - DEBUG - lottery_id: 201809030750
2018-09-03 20:29:18,210 - append_predict.main - INFO - lottery_num: 0
2018-09-03 20:29:18,211 - append_predict.main - ERROR - wait kaijiang. continue....
2018-09-03 20:29:21,144 - append_predict.spider_pk10 - INFO - base_date_forward_six:20180903
2018-09-03 20:29:21,144 - append_predict.spider_pk10 - INFO - base_date:20180903
2018-09-03 20:29:21,614 - append_predict.spider_pk10 - INFO -  6 hours ago is:20180903
2018-09-03 20:29:22,721 - append_predict.main - DEBUG - lottery_id: 201809030750
2018-09-03 20:29:22,724 - append_predict.main - INFO - lottery_num: 0
2018-09-03 20:29:22,724 - append_predict.main - ERROR - wait kaijiang. continue....
2018-09-03 20:29:25,881 - append_predict.spider_pk10 - INFO - base_date_forward_six:20180903
2018-09-03 20:29:25,881 - append_predict.spider_pk10 - INFO - base_date:20180903
2018-09-03 20:29:26,280 - append_predict.spider_pk10 - INFO -  6 hours ago is:20180903
2018-09-03 20:29:27,355 - append_predict.main - DEBUG - lottery_id: 201809030750
2018-09-03 20:29:27,357 - append_predict.main - INFO - lottery_num: 0
2018-09-03 20:29:27,357 - append_predict.main - ERROR - wait kaijiang. continue....
2018-09-03 20:29:30,154 - append_predict.spider_pk10 - INFO - base_date_forward_six:20180903
2018-09-03 20:29:30,154 - append_predict.spider_pk10 - INFO - base_date:20180903
2018-09-03 20:29:30,424 - append_predict.spider_pk10 - INFO -  6 hours ago is:20180903
2018-09-03 20:29:31,519 - append_predict.main - DEBUG - lottery_id: 201809030750
2018-09-03 20:29:31,519 - append_predict.main - INFO - lottery_num: 0
2018-09-03 20:29:31,520 - append_predict.main - ERROR - wait kaijiang. continue....
2018-09-03 20:29:34,272 - append_predict.spider_pk10 - INFO - base_date_forward_six:20180903
2018-09-03 20:29:34,272 - append_predict.spider_pk10 - INFO - base_date:20180903
2018-09-03 20:29:34,529 - append_predict.spider_pk10 - INFO -  6 hours ago is:20180903
2018-09-03 20:29:35,635 - append_predict.main - DEBUG - lottery_id: 201809030750
2018-09-03 20:29:35,638 - append_predict.main - INFO - lottery_num: 0
2018-09-03 20:29:35,638 - append_predict.main - ERROR - wait kaijiang. continue....
2018-09-03 20:29:38,598 - append_predict.spider_pk10 - INFO - base_date_forward_six:20180903
2018-09-03 20:29:38,598 - append_predict.spider_pk10 - INFO - base_date:20180903
2018-09-03 20:29:38,858 - append_predict.spider_pk10 - INFO -  6 hours ago is:20180903
2018-09-03 20:29:39,927 - append_predict.main - DEBUG - lottery_id: 201809030750
2018-09-03 20:29:39,931 - append_predict.main - INFO - lottery_num: 0
2018-09-03 20:29:39,931 - append_predict.main - ERROR - wait kaijiang. continue....
2018-09-03 20:29:42,736 - append_predict.spider_pk10 - INFO - base_date_forward_six:20180903
2018-09-03 20:29:42,736 - append_predict.spider_pk10 - INFO - base_date:20180903
2018-09-03 20:29:43,010 - append_predict.spider_pk10 - INFO -  6 hours ago is:20180903
2018-09-03 20:29:44,114 - append_predict.main - DEBUG - lottery_id: 201809030750
2018-09-03 20:29:44,115 - append_predict.main - INFO - lottery_num: 0
2018-09-03 20:29:44,115 - append_predict.main - ERROR - wait kaijiang. continue....
2018-09-03 23:59:26,720 - append_predict.spider_pk10 - INFO - base_date_forward_six:20180903
2018-09-03 23:59:26,720 - append_predict.spider_pk10 - INFO - base_date:20180903
2018-09-03 23:59:27,358 - append_predict.spider_pk10 - INFO -  6 hours ago is:20180903
2018-09-03 23:59:28,555 - append_predict.main - DEBUG - lottery_id: 201809030750
2018-09-03 23:59:28,556 - append_predict.main - INFO - lottery_num: 0
2018-09-03 23:59:28,556 - append_predict.main - ERROR - wait kaijiang. continue....
2018-09-03 23:59:31,380 - append_predict.spider_pk10 - INFO - base_date_forward_six:20180903
2018-09-03 23:59:31,381 - append_predict.spider_pk10 - INFO - base_date:20180903
2018-09-03 23:59:31,882 - append_predict.spider_pk10 - INFO -  6 hours ago is:20180903
2018-09-03 23:59:33,150 - append_predict.main - DEBUG - lottery_id: 201809030750
2018-09-03 23:59:33,151 - append_predict.main - INFO - lottery_num: 0
2018-09-03 23:59:33,151 - append_predict.main - ERROR - wait kaijiang. continue....
2018-09-03 23:59:37,618 - append_predict.spider_pk10 - INFO - base_date_forward_six:20180903
2018-09-03 23:59:37,618 - append_predict.spider_pk10 - INFO - base_date:20180903
2018-09-03 23:59:38,276 - append_predict.spider_pk10 - INFO -  6 hours ago is:20180903
2018-09-03 23:59:39,392 - append_predict.main - DEBUG - lottery_id: 201809030750
2018-09-03 23:59:39,394 - append_predict.main - INFO - lottery_num: 0
2018-09-03 23:59:39,395 - append_predict.main - ERROR - wait kaijiang. continue....
2018-09-04 00:00:00,673 - append_predict.spider_pk10 - INFO - base_date_forward_six:20180903
2018-09-04 00:00:00,673 - append_predict.spider_pk10 - INFO - base_date:20180904
2018-09-04 00:00:08,401 - append_predict.spider_pk10 - INFO -  6 hours ago is:20180903
2018-09-04 00:00:09,477 - append_predict.main - DEBUG - lottery_id: 201809030750
2018-09-04 00:00:09,482 - append_predict.main - INFO - lottery_num: 0
2018-09-04 00:00:09,482 - append_predict.main - ERROR - wait kaijiang. continue....
2018-09-04 00:00:14,500 - append_predict.spider_pk10 - INFO - base_date_forward_six:20180903
2018-09-04 00:00:14,500 - append_predict.spider_pk10 - INFO - base_date:20180904
2018-09-04 00:00:14,602 - append_predict.spider_pk10 - INFO -  6 hours ago is:20180903
2018-09-04 00:00:15,431 - append_predict.main - DEBUG - lottery_id: 201809030750
2018-09-04 00:00:15,434 - append_predict.main - INFO - lottery_num: 0
2018-09-04 00:00:15,434 - append_predict.main - ERROR - wait kaijiang. continue....
2018-09-04 00:00:20,808 - append_predict.spider_pk10 - INFO - base_date_forward_six:20180903
2018-09-04 00:00:20,809 - append_predict.spider_pk10 - INFO - base_date:20180904
2018-09-04 00:00:21,086 - append_predict.spider_pk10 - INFO -  6 hours ago is:20180903
2018-09-04 00:00:21,917 - append_predict.main - DEBUG - lottery_id: 201809030750
2018-09-04 00:00:21,917 - append_predict.main - INFO - lottery_num: 0
2018-09-04 00:00:21,918 - append_predict.main - ERROR - wait kaijiang. continue....
2018-09-04 00:00:40,882 - append_predict.spider_pk10 - INFO - base_date_forward_six:20180903
2018-09-04 00:00:40,884 - append_predict.spider_pk10 - INFO - base_date:20180904
2018-09-04 00:00:41,206 - append_predict.spider_pk10 - INFO -  6 hours ago is:20180903
2018-09-04 00:00:42,016 - append_predict.main - DEBUG - lottery_id: 201809030750
2018-09-04 00:00:42,017 - append_predict.main - INFO - lottery_num: 0
2018-09-04 00:00:42,019 - append_predict.main - ERROR - wait kaijiang. continue....
2018-09-04 00:00:52,775 - append_predict.spider_pk10 - INFO - base_date_forward_six:20180903
2018-09-04 00:00:52,775 - append_predict.spider_pk10 - INFO - base_date:20180904
2018-09-04 00:00:53,256 - append_predict.spider_pk10 - INFO -  6 hours ago is:20180903
2018-09-04 00:00:54,030 - append_predict.main - DEBUG - lottery_id: 201809030750
2018-09-04 00:00:54,032 - append_predict.main - INFO - lottery_num: 0
2018-09-04 00:00:54,032 - append_predict.main - ERROR - wait kaijiang. continue....
2018-09-04 00:01:15,186 - append_predict.spider_pk10 - INFO - base_date_forward_six:20180903
2018-09-04 00:01:15,186 - append_predict.spider_pk10 - INFO - base_date:20180904
2018-09-04 00:01:15,503 - append_predict.spider_pk10 - INFO -  6 hours ago is:20180903
2018-09-04 00:01:16,338 - append_predict.main - DEBUG - lottery_id: 201809030750
2018-09-04 00:01:16,341 - append_predict.main - INFO - lottery_num: 0
2018-09-04 00:01:16,342 - append_predict.main - ERROR - wait kaijiang. continue....
2018-09-04 00:01:20,059 - append_predict.spider_pk10 - INFO - base_date_forward_six:20180903
2018-09-04 00:01:20,059 - append_predict.spider_pk10 - INFO - base_date:20180904
2018-09-04 00:01:20,415 - append_predict.spider_pk10 - INFO -  6 hours ago is:20180903
2018-09-04 00:01:21,283 - append_predict.main - DEBUG - lottery_id: 201809030750
2018-09-04 00:01:21,285 - append_predict.main - INFO - lottery_num: 0
2018-09-04 00:01:21,285 - append_predict.main - ERROR - wait kaijiang. continue....
2018-09-04 00:01:23,881 - append_predict.spider_pk10 - INFO - base_date_forward_six:20180903
2018-09-04 00:01:23,881 - append_predict.spider_pk10 - INFO - base_date:20180904
2018-09-04 00:01:24,063 - append_predict.spider_pk10 - INFO -  6 hours ago is:20180903
2018-09-04 00:01:24,946 - append_predict.main - DEBUG - lottery_id: 201809030750
2018-09-04 00:01:24,947 - append_predict.main - INFO - lottery_num: 0
2018-09-04 00:01:24,947 - append_predict.main - ERROR - wait kaijiang. continue....
2018-09-04 00:01:27,578 - append_predict.spider_pk10 - INFO - base_date_forward_six:20180903
2018-09-04 00:01:27,578 - append_predict.spider_pk10 - INFO - base_date:20180904
2018-09-04 00:01:27,667 - append_predict.spider_pk10 - INFO -  6 hours ago is:20180903
2018-09-04 00:01:28,431 - append_predict.main - DEBUG - lottery_id: 201809030750
2018-09-04 00:01:28,434 - append_predict.main - INFO - lottery_num: 0
2018-09-04 00:01:28,434 - append_predict.main - ERROR - wait kaijiang. continue....
2018-09-04 00:01:31,200 - append_predict.spider_pk10 - INFO - base_date_forward_six:20180903
2018-09-04 00:01:31,201 - append_predict.spider_pk10 - INFO - base_date:20180904
2018-09-04 00:01:32,164 - append_predict.spider_pk10 - INFO -  6 hours ago is:20180903
2018-09-04 00:01:33,482 - append_predict.main - DEBUG - lottery_id: 201809030750
2018-09-04 00:01:33,486 - append_predict.main - INFO - lottery_num: 1,5,0,8,9
2018-09-04 00:01:33,486 - append_predict.main - DEBUG - mingci [1]: 1
2018-09-04 00:01:33,486 - append_predict.main - DEBUG - purchase_number_list[i]: [u'[-1']
2018-09-04 00:01:33,486 - append_predict.main - DEBUG - mingci [2]: 1
2018-09-04 00:01:33,486 - append_predict.main - DEBUG - purchase_number_list[i]: [u' -1']
2018-09-04 00:01:33,486 - append_predict.main - DEBUG - mingci [3]: 0
2018-09-04 00:01:33,486 - append_predict.main - DEBUG - purchase_number_list[i]: [u' -1']
2018-09-04 00:01:33,486 - append_predict.main - DEBUG - mingci [4]: 0
2018-09-04 00:01:33,486 - append_predict.main - DEBUG - purchase_number_list[i]: [u' -1']
2018-09-04 00:01:33,486 - append_predict.main - DEBUG - mingci [5]: 1
2018-09-04 00:01:33,486 - append_predict.main - DEBUG - purchase_number_list[i]: [u' -1]']
2018-09-04 00:01:33,487 - append_predict.main - DEBUG - ------all_count: 5  ----target_count: 0 
2018-09-04 00:01:33,487 - append_predict.main - DEBUG - target_count: 0.000000
2018-09-04 00:01:33,575 - append_predict.main - INFO - save predict_lottery_id : 201809030752
2018-09-04 00:01:33,576 - append_predict.main - INFO - save purchase_number_list : [-1, -1, -1, -1, -1]
2018-09-04 00:01:34,657 - append_predict.thread - INFO - start purchase
2018-09-04 00:01:36,440 - append_predict.spider_pk10 - INFO - base_date_forward_six:20180903
2018-09-04 00:01:36,440 - append_predict.spider_pk10 - INFO - base_date:20180904
2018-09-04 00:01:36,596 - append_predict.spider_pk10 - INFO -  6 hours ago is:20180903
2018-09-04 00:01:37,413 - append_predict.main - DEBUG - lottery_id: 201809030752
2018-09-04 00:01:37,414 - append_predict.main - INFO - lottery_num: 0
2018-09-04 00:01:37,414 - append_predict.main - ERROR - wait kaijiang. continue....
2018-09-04 00:01:40,148 - append_predict.spider_pk10 - INFO - base_date_forward_six:20180903
2018-09-04 00:01:40,148 - append_predict.spider_pk10 - INFO - base_date:20180904
2018-09-04 00:01:41,259 - append_predict.spider_pk10 - INFO -  6 hours ago is:20180903
2018-09-04 00:01:42,378 - append_predict.main - DEBUG - lottery_id: 201809030752
2018-09-04 00:01:42,381 - append_predict.main - INFO - lottery_num: 0
2018-09-04 00:01:42,382 - append_predict.main - ERROR - wait kaijiang. continue....
2018-09-04 00:01:45,168 - append_predict.spider_pk10 - INFO - base_date_forward_six:20180903
2018-09-04 00:01:45,170 - append_predict.spider_pk10 - INFO - base_date:20180904
2018-09-04 00:01:45,305 - append_predict.spider_pk10 - INFO -  6 hours ago is:20180903
2018-09-03 23:58:24,190 - append_predict.main - INFO - qnm123456qnm not start
2018-09-03 23:58:24,312 - append_predict.main - INFO - 08520aaaa not start
2018-09-03 23:58:26,214 - append_predict.main - INFO - qnm123456qnm not start
2018-09-03 23:58:26,290 - append_predict.main - INFO - 08520aaaa not start
2018-09-03 23:58:43,243 - append_predict.main - DEBUG - thread is not alive start!!!
2018-09-03 23:58:43,244 - append_predict.thread - INFO - start purchase
2018-09-03 23:58:47,167 - append_predict.spider_pk10 - INFO - base_date_forward_six:20180903
2018-09-03 23:58:47,167 - append_predict.spider_pk10 - INFO - base_date:20180903
2018-09-03 23:58:47,243 - append_predict.spider_pk10 - INFO -  6 hours ago is:20180903
2018-09-03 23:58:48,842 - append_predict.main - DEBUG - lottery_id: 201809030752
2018-09-03 23:58:48,845 - append_predict.main - INFO - lottery_num: 2,8,4,7,3
2018-09-03 23:58:48,845 - append_predict.main - DEBUG - mingci [1]: 0
2018-09-03 23:58:48,845 - append_predict.main - DEBUG - purchase_number_list[i]: [u'[-1']
2018-09-03 23:58:48,846 - append_predict.main - DEBUG - mingci [2]: 0
2018-09-03 23:58:48,846 - append_predict.main - DEBUG - purchase_number_list[i]: [u' -1']
2018-09-03 23:58:48,846 - append_predict.main - DEBUG - mingci [3]: 0
2018-09-03 23:58:48,848 - append_predict.main - DEBUG - purchase_number_list[i]: [u' -1']
2018-09-03 23:58:48,848 - append_predict.main - DEBUG - mingci [4]: 1
2018-09-03 23:58:48,848 - append_predict.main - DEBUG - purchase_number_list[i]: [u' -1']
2018-09-03 23:58:48,848 - append_predict.main - DEBUG - mingci [5]: 1
2018-09-03 23:58:48,848 - append_predict.main - DEBUG - purchase_number_list[i]: [u' -1]']
2018-09-03 23:58:48,848 - append_predict.main - DEBUG - ------all_count: 5  ----target_count: 0 
2018-09-03 23:58:48,849 - append_predict.main - DEBUG - target_count: 0.000000
2018-09-03 23:58:49,115 - append_predict.main - INFO - save predict_lottery_id : 201809030754
2018-09-03 23:58:49,115 - append_predict.main - INFO - save purchase_number_list : [-1, -1, -1, -1, -1]
2018-09-03 23:58:50,355 - append_predict.thread - INFO - start purchase
2018-09-03 23:58:54,096 - append_predict.spider_pk10 - INFO - base_date_forward_six:20180903
2018-09-03 23:58:54,096 - append_predict.spider_pk10 - INFO - base_date:20180903
2018-09-03 23:58:54,173 - append_predict.spider_pk10 - INFO -  6 hours ago is:20180903
2018-09-03 23:58:55,328 - append_predict.main - DEBUG - lottery_id: 201809030754
2018-09-03 23:58:55,332 - append_predict.main - INFO - lottery_num: 0
2018-09-03 23:58:55,332 - append_predict.main - ERROR - wait kaijiang. continue....
2018-09-03 23:59:01,375 - append_predict.spider_pk10 - INFO - base_date_forward_six:20180903
2018-09-03 23:59:01,375 - append_predict.spider_pk10 - INFO - base_date:20180903
2018-09-03 23:59:01,459 - append_predict.spider_pk10 - INFO -  6 hours ago is:20180903
2018-09-03 23:59:02,618 - append_predict.main - DEBUG - lottery_id: 201809030754
2018-09-03 23:59:02,619 - append_predict.main - INFO - lottery_num: 0
2018-09-03 23:59:02,621 - append_predict.main - ERROR - wait kaijiang. continue....
2018-09-03 23:59:08,539 - append_predict.spider_pk10 - INFO - base_date_forward_six:20180903
2018-09-03 23:59:08,539 - append_predict.spider_pk10 - INFO - base_date:20180903
2018-09-03 23:59:08,622 - append_predict.spider_pk10 - INFO -  6 hours ago is:20180903
2018-09-03 23:59:09,755 - append_predict.main - DEBUG - lottery_id: 201809030754
2018-09-03 23:59:09,756 - append_predict.main - INFO - lottery_num: 0
2018-09-03 23:59:09,756 - append_predict.main - ERROR - wait kaijiang. continue....
2018-09-03 23:59:14,321 - append_predict.spider_pk10 - INFO - base_date_forward_six:20180903
2018-09-03 23:59:14,321 - append_predict.spider_pk10 - INFO - base_date:20180903
2018-09-03 23:59:14,405 - append_predict.spider_pk10 - INFO -  6 hours ago is:20180903
2018-09-03 23:59:15,512 - append_predict.main - DEBUG - lottery_id: 201809030754
2018-09-03 23:59:15,513 - append_predict.main - INFO - lottery_num: 0
2018-09-03 23:59:15,513 - append_predict.main - ERROR - wait kaijiang. continue....
2018-09-03 23:59:20,198 - append_predict.spider_pk10 - INFO - base_date_forward_six:20180903
2018-09-03 23:59:20,198 - append_predict.spider_pk10 - INFO - base_date:20180903
2018-09-03 23:59:20,272 - append_predict.spider_pk10 - INFO -  6 hours ago is:20180903
2018-09-03 23:59:21,371 - append_predict.main - DEBUG - lottery_id: 201809030754
2018-09-03 23:59:21,371 - append_predict.main - INFO - lottery_num: 0
2018-09-03 23:59:21,372 - append_predict.main - ERROR - wait kaijiang. continue....
2018-09-03 23:59:26,082 - append_predict.spider_pk10 - INFO - base_date_forward_six:20180903
2018-09-03 23:59:26,082 - append_predict.spider_pk10 - INFO - base_date:20180903
2018-09-03 23:59:26,177 - append_predict.spider_pk10 - INFO -  6 hours ago is:20180903
2018-09-03 23:59:27,292 - append_predict.main - DEBUG - lottery_id: 201809030754
2018-09-03 23:59:27,292 - append_predict.main - INFO - lottery_num: 0
2018-09-03 23:59:27,292 - append_predict.main - ERROR - wait kaijiang. continue....
2018-09-03 23:59:33,048 - append_predict.spider_pk10 - INFO - base_date_forward_six:20180903
2018-09-03 23:59:33,048 - append_predict.spider_pk10 - INFO - base_date:20180903
2018-09-03 23:59:33,121 - append_predict.spider_pk10 - INFO -  6 hours ago is:20180903
2018-09-03 23:59:34,292 - append_predict.main - DEBUG - lottery_id: 201809030754
2018-09-03 23:59:34,293 - append_predict.main - INFO - lottery_num: 0
2018-09-03 23:59:34,293 - append_predict.main - ERROR - wait kaijiang. continue....
2018-09-03 23:59:39,124 - append_predict.spider_pk10 - INFO - base_date_forward_six:20180903
2018-09-03 23:59:39,125 - append_predict.spider_pk10 - INFO - base_date:20180903
2018-09-03 23:59:39,203 - append_predict.spider_pk10 - INFO -  6 hours ago is:20180903
2018-09-03 23:59:40,354 - append_predict.main - DEBUG - lottery_id: 201809030754
2018-09-03 23:59:40,355 - append_predict.main - INFO - lottery_num: 3,2,1,2,6
2018-09-03 23:59:40,355 - append_predict.main - DEBUG - mingci [1]: 1
2018-09-03 23:59:40,355 - append_predict.main - DEBUG - purchase_number_list[i]: [u'[-1']
2018-09-03 23:59:40,355 - append_predict.main - DEBUG - mingci [2]: 0
2018-09-03 23:59:40,355 - append_predict.main - DEBUG - purchase_number_list[i]: [u' -1']
2018-09-03 23:59:40,357 - append_predict.main - DEBUG - mingci [3]: 1
2018-09-03 23:59:40,357 - append_predict.main - DEBUG - purchase_number_list[i]: [u' -1']
2018-09-03 23:59:40,357 - append_predict.main - DEBUG - mingci [4]: 0
2018-09-03 23:59:40,357 - append_predict.main - DEBUG - purchase_number_list[i]: [u' -1']
2018-09-03 23:59:40,357 - append_predict.main - DEBUG - mingci [5]: 0
2018-09-03 23:59:40,357 - append_predict.main - DEBUG - purchase_number_list[i]: [u' -1]']
2018-09-03 23:59:40,358 - append_predict.main - DEBUG - ------all_count: 5  ----target_count: 0 
2018-09-03 23:59:40,358 - append_predict.main - DEBUG - target_count: 0.000000
2018-09-03 23:59:40,523 - append_predict.main - INFO - save predict_lottery_id : 201809030755
2018-09-03 23:59:40,525 - append_predict.main - INFO - save purchase_number_list : [-1, -1, -1, -1, -1]
2018-09-03 23:59:41,608 - append_predict.thread - INFO - start purchase
2018-09-03 23:59:45,601 - append_predict.spider_pk10 - INFO - base_date_forward_six:20180903
2018-09-03 23:59:45,601 - append_predict.spider_pk10 - INFO - base_date:20180903
2018-09-03 23:59:45,704 - append_predict.spider_pk10 - INFO -  6 hours ago is:20180903
2018-09-03 23:59:46,823 - append_predict.main - DEBUG - lottery_id: 201809030755
2018-09-03 23:59:46,825 - append_predict.main - INFO - lottery_num: 0
2018-09-03 23:59:46,826 - append_predict.main - ERROR - wait kaijiang. continue....
2018-09-03 23:59:52,630 - append_predict.spider_pk10 - INFO - base_date_forward_six:20180903
2018-09-03 23:59:52,630 - append_predict.spider_pk10 - INFO - base_date:20180903
2018-09-03 23:59:52,707 - append_predict.spider_pk10 - INFO -  6 hours ago is:20180903
2018-09-03 23:59:53,786 - append_predict.main - DEBUG - lottery_id: 201809030755
2018-09-03 23:59:53,788 - append_predict.main - INFO - lottery_num: 0
2018-09-03 23:59:53,789 - append_predict.main - ERROR - wait kaijiang. continue....
2018-09-03 23:59:59,598 - append_predict.spider_pk10 - INFO - base_date_forward_six:20180903
2018-09-03 23:59:59,598 - append_predict.spider_pk10 - INFO - base_date:20180903
2018-09-03 23:59:59,677 - append_predict.spider_pk10 - INFO -  6 hours ago is:20180903
2018-09-04 00:00:00,747 - append_predict.main - DEBUG - lottery_id: 201809030755
2018-09-04 00:00:00,750 - append_predict.main - INFO - lottery_num: 0
2018-09-04 00:00:00,750 - append_predict.main - ERROR - wait kaijiang. continue....
2018-09-04 00:00:05,390 - append_predict.spider_pk10 - INFO - base_date_forward_six:20180903
2018-09-04 00:00:05,390 - append_predict.spider_pk10 - INFO - base_date:20180904
2018-09-04 00:00:06,184 - append_predict.spider_pk10 - INFO -  6 hours ago is:20180903
2018-09-04 00:00:07,232 - append_predict.main - DEBUG - lottery_id: 201809030755
2018-09-04 00:00:07,234 - append_predict.main - INFO - lottery_num: 0
2018-09-04 00:00:07,234 - append_predict.main - ERROR - wait kaijiang. continue....
2018-09-04 00:00:11,969 - append_predict.spider_pk10 - INFO - base_date_forward_six:20180903
2018-09-04 00:00:11,969 - append_predict.spider_pk10 - INFO - base_date:20180904
2018-09-04 00:00:12,891 - append_predict.spider_pk10 - INFO -  6 hours ago is:20180903
2018-09-04 00:00:13,953 - append_predict.main - DEBUG - lottery_id: 201809030755
2018-09-04 00:00:13,954 - append_predict.main - INFO - lottery_num: 0
2018-09-04 00:00:13,954 - append_predict.main - ERROR - wait kaijiang. continue....
2018-09-04 00:00:18,532 - append_predict.spider_pk10 - INFO - base_date_forward_six:20180903
2018-09-04 00:00:18,532 - append_predict.spider_pk10 - INFO - base_date:20180904
2018-09-04 00:00:19,322 - append_predict.spider_pk10 - INFO -  6 hours ago is:20180903
2018-09-04 00:00:20,391 - append_predict.main - DEBUG - lottery_id: 201809030755
2018-09-04 00:00:20,391 - append_predict.main - INFO - lottery_num: 0
2018-09-04 00:00:20,392 - append_predict.main - ERROR - wait kaijiang. continue....
2018-09-04 00:00:25,000 - append_predict.spider_pk10 - INFO - base_date_forward_six:20180903
2018-09-04 00:00:25,000 - append_predict.spider_pk10 - INFO - base_date:20180904
2018-09-04 00:00:25,795 - append_predict.spider_pk10 - INFO -  6 hours ago is:20180903
2018-09-04 00:00:27,029 - append_predict.main - DEBUG - lottery_id: 201809030755
2018-09-04 00:00:27,030 - append_predict.main - INFO - lottery_num: 0
2018-09-04 00:00:27,032 - append_predict.main - ERROR - wait kaijiang. continue....
2018-09-04 00:00:31,857 - append_predict.spider_pk10 - INFO - base_date_forward_six:20180903
2018-09-04 00:00:31,857 - append_predict.spider_pk10 - INFO - base_date:20180904
2018-09-04 00:00:32,198 - append_predict.spider_pk10 - INFO -  6 hours ago is:20180903
2018-09-04 00:00:33,102 - append_predict.main - DEBUG - lottery_id: 201809030755
2018-09-04 00:00:33,104 - append_predict.main - INFO - lottery_num: 0
2018-09-04 00:00:33,105 - append_predict.main - ERROR - wait kaijiang. continue....
2018-09-04 00:00:38,724 - append_predict.spider_pk10 - INFO - base_date_forward_six:20180903
2018-09-04 00:00:38,724 - append_predict.spider_pk10 - INFO - base_date:20180904
2018-09-04 00:00:39,594 - append_predict.spider_pk10 - INFO -  6 hours ago is:20180903
2018-09-04 00:00:40,759 - append_predict.main - DEBUG - lottery_id: 201809030755
2018-09-04 00:00:40,762 - append_predict.main - INFO - lottery_num: 8,2,6,8,0
2018-09-04 00:00:40,766 - append_predict.main - DEBUG - mingci [1]: 0
2018-09-04 00:00:40,766 - append_predict.main - DEBUG - purchase_number_list[i]: [u'[-1']
2018-09-04 00:00:40,766 - append_predict.main - DEBUG - mingci [2]: 0
2018-09-04 00:00:40,766 - append_predict.main - DEBUG - purchase_number_list[i]: [u' -1']
2018-09-04 00:00:40,766 - append_predict.main - DEBUG - mingci [3]: 0
2018-09-04 00:00:40,766 - append_predict.main - DEBUG - purchase_number_list[i]: [u' -1']
2018-09-04 00:00:40,766 - append_predict.main - DEBUG - mingci [4]: 0
2018-09-04 00:00:40,766 - append_predict.main - DEBUG - purchase_number_list[i]: [u' -1']
2018-09-04 00:00:40,766 - append_predict.main - DEBUG - mingci [5]: 0
2018-09-04 00:00:40,767 - append_predict.main - DEBUG - purchase_number_list[i]: [u' -1]']
2018-09-04 00:00:40,767 - append_predict.main - DEBUG - ------all_count: 5  ----target_count: 0 
2018-09-04 00:00:40,767 - append_predict.main - DEBUG - target_count: 0.000000
2018-09-04 00:00:40,848 - append_predict.main - INFO - save predict_lottery_id : 201809030756
2018-09-04 00:00:40,848 - append_predict.main - INFO - save purchase_number_list : [-1, -1, -1, -1, -1]
2018-09-04 00:00:41,924 - append_predict.thread - INFO - start purchase
2018-09-04 00:00:45,591 - append_predict.spider_pk10 - INFO - base_date_forward_six:20180903
2018-09-04 00:00:45,591 - append_predict.spider_pk10 - INFO - base_date:20180904
2018-09-04 00:00:45,904 - append_predict.spider_pk10 - INFO -  6 hours ago is:20180903
2018-09-04 00:00:46,776 - append_predict.main - DEBUG - lottery_id: 201809030756
2018-09-04 00:00:46,776 - append_predict.main - INFO - lottery_num: 0
2018-09-04 00:00:46,778 - append_predict.main - ERROR - wait kaijiang. continue....
2018-09-04 00:00:52,493 - append_predict.spider_pk10 - INFO - base_date_forward_six:20180903
2018-09-04 00:00:52,493 - append_predict.spider_pk10 - INFO - base_date:20180904
2018-09-04 00:00:53,240 - append_predict.spider_pk10 - INFO -  6 hours ago is:20180903
2018-09-04 00:00:54,382 - append_predict.main - DEBUG - lottery_id: 201809030756
2018-09-04 00:00:54,384 - append_predict.main - INFO - lottery_num: 0
2018-09-04 00:00:54,385 - append_predict.main - ERROR - wait kaijiang. continue....
2018-09-04 00:00:59,006 - append_predict.spider_pk10 - INFO - base_date_forward_six:20180903
2018-09-04 00:00:59,006 - append_predict.spider_pk10 - INFO - base_date:20180904
2018-09-04 00:00:59,311 - append_predict.spider_pk10 - INFO -  6 hours ago is:20180903
2018-09-04 00:01:00,239 - append_predict.main - DEBUG - lottery_id: 201809030756
2018-09-04 00:01:00,240 - append_predict.main - INFO - lottery_num: 0
2018-09-04 00:01:00,240 - append_predict.main - ERROR - wait kaijiang. continue....
2018-09-04 00:01:05,904 - append_predict.spider_pk10 - INFO - base_date_forward_six:20180903
2018-09-04 00:01:05,904 - append_predict.spider_pk10 - INFO - base_date:20180904
2018-09-04 00:01:06,278 - append_predict.spider_pk10 - INFO -  6 hours ago is:20180903
2018-09-04 00:01:07,171 - append_predict.main - DEBUG - lottery_id: 201809030756
2018-09-04 00:01:07,174 - append_predict.main - INFO - lottery_num: 0
2018-09-04 00:01:07,174 - append_predict.main - ERROR - wait kaijiang. continue....
2018-09-04 00:01:11,799 - append_predict.spider_pk10 - INFO - base_date_forward_six:20180903
2018-09-04 00:01:11,799 - append_predict.spider_pk10 - INFO - base_date:20180904
2018-09-04 00:01:12,632 - append_predict.spider_pk10 - INFO -  6 hours ago is:20180903
2018-09-04 00:01:13,697 - append_predict.main - DEBUG - lottery_id: 201809030756
2018-09-04 00:01:13,698 - append_predict.main - INFO - lottery_num: 0
2018-09-04 00:01:13,698 - append_predict.main - ERROR - wait kaijiang. continue....
2018-09-04 00:01:19,532 - append_predict.spider_pk10 - INFO - base_date_forward_six:20180903
2018-09-04 00:01:19,532 - append_predict.spider_pk10 - INFO - base_date:20180904
2018-09-04 00:01:19,884 - append_predict.spider_pk10 - INFO -  6 hours ago is:20180903
2018-09-04 00:01:20,723 - append_predict.main - DEBUG - lottery_id: 201809030756
2018-09-04 00:01:20,724 - append_predict.main - INFO - lottery_num: 0
2018-09-04 00:01:20,726 - append_predict.main - ERROR - wait kaijiang. continue....
2018-09-04 00:01:25,680 - append_predict.spider_pk10 - INFO - base_date_forward_six:20180903
2018-09-04 00:01:25,680 - append_predict.spider_pk10 - INFO - base_date:20180904
2018-09-04 00:01:26,604 - append_predict.spider_pk10 - INFO -  6 hours ago is:20180903
2018-09-04 00:01:27,726 - append_predict.main - DEBUG - lottery_id: 201809030756
2018-09-04 00:01:27,727 - append_predict.main - INFO - lottery_num: 0
2018-09-04 00:01:27,729 - append_predict.main - ERROR - wait kaijiang. continue....
2018-09-04 00:01:33,584 - append_predict.spider_pk10 - INFO - base_date_forward_six:20180903
2018-09-04 00:01:33,584 - append_predict.spider_pk10 - INFO - base_date:20180904
2018-09-04 00:01:33,987 - append_predict.spider_pk10 - INFO -  6 hours ago is:20180903
2018-09-04 00:01:34,903 - append_predict.main - DEBUG - lottery_id: 201809030756
2018-09-04 00:01:34,904 - append_predict.main - INFO - lottery_num: 0
2018-09-04 00:01:34,904 - append_predict.main - ERROR - wait kaijiang. continue....
2018-09-04 00:01:40,444 - append_predict.spider_pk10 - INFO - base_date_forward_six:20180903
2018-09-04 00:01:40,444 - append_predict.spider_pk10 - INFO - base_date:20180904
2018-09-04 00:01:41,282 - append_predict.spider_pk10 - INFO -  6 hours ago is:20180903
2018-09-04 00:01:42,471 - append_predict.main - DEBUG - lottery_id: 201809030756
2018-09-04 00:01:42,473 - append_predict.main - INFO - lottery_num: 7,8,4,3,1
2018-09-04 00:01:42,473 - append_predict.main - DEBUG - mingci [1]: 1
2018-09-04 00:01:42,474 - append_predict.main - DEBUG - purchase_number_list[i]: [u'[-1']
2018-09-04 00:01:42,474 - append_predict.main - DEBUG - mingci [2]: 0
2018-09-04 00:01:42,474 - append_predict.main - DEBUG - purchase_number_list[i]: [u' -1']
2018-09-04 00:01:42,474 - append_predict.main - DEBUG - mingci [3]: 0
2018-09-04 00:01:42,474 - append_predict.main - DEBUG - purchase_number_list[i]: [u' -1']
2018-09-04 00:01:42,476 - append_predict.main - DEBUG - mingci [4]: 1
2018-09-04 00:01:42,476 - append_predict.main - DEBUG - purchase_number_list[i]: [u' -1']
2018-09-04 00:01:42,476 - append_predict.main - DEBUG - mingci [5]: 1
2018-09-04 00:01:42,476 - append_predict.main - DEBUG - purchase_number_list[i]: [u' -1]']
2018-09-04 00:01:42,476 - append_predict.main - DEBUG - ------all_count: 5  ----target_count: 0 
2018-09-04 00:01:42,476 - append_predict.main - DEBUG - target_count: 0.000000
2018-09-04 00:01:42,622 - append_predict.main - INFO - save predict_lottery_id : 201809030757
2018-09-04 00:01:42,624 - append_predict.main - INFO - save purchase_number_list : [-1, -1, -1, -1, -1]
2018-09-04 00:01:43,690 - append_predict.thread - INFO - start purchase
2018-09-04 00:01:47,415 - append_predict.spider_pk10 - INFO - base_date_forward_six:20180903
2018-09-04 00:01:47,415 - append_predict.spider_pk10 - INFO - base_date:20180904
2018-09-04 00:01:48,197 - append_predict.spider_pk10 - INFO -  6 hours ago is:20180903
2018-09-04 00:01:49,217 - append_predict.main - DEBUG - lottery_id: 201809030757
2018-09-04 00:01:49,220 - append_predict.main - INFO - lottery_num: 0
2018-09-04 00:01:49,220 - append_predict.main - ERROR - wait kaijiang. continue....
2018-09-04 00:01:56,538 - append_predict.spider_pk10 - INFO - base_date_forward_six:20180903
2018-09-04 00:01:56,538 - append_predict.spider_pk10 - INFO - base_date:20180904
2018-09-04 00:01:58,257 - append_predict.spider_pk10 - INFO -  6 hours ago is:20180903
2018-09-04 00:01:59,319 - append_predict.main - DEBUG - lottery_id: 201809030757
2018-09-04 00:01:59,321 - append_predict.main - INFO - lottery_num: 0
2018-09-04 00:01:59,322 - append_predict.main - ERROR - wait kaijiang. continue....
2018-09-04 00:02:04,769 - append_predict.spider_pk10 - INFO - base_date_forward_six:20180903
2018-09-04 00:02:04,769 - append_predict.spider_pk10 - INFO - base_date:20180904
2018-09-04 00:02:09,944 - append_predict.spider_pk10 - INFO -  6 hours ago is:20180903
2018-09-04 00:02:10,996 - append_predict.main - DEBUG - lottery_id: 201809030757
2018-09-04 00:02:10,997 - append_predict.main - INFO - lottery_num: 0
2018-09-04 00:02:10,997 - append_predict.main - ERROR - wait kaijiang. continue....
2018-09-04 00:02:18,688 - append_predict.spider_pk10 - INFO - base_date_forward_six:20180903
2018-09-04 00:02:18,688 - append_predict.spider_pk10 - INFO - base_date:20180904
2018-09-04 00:02:19,436 - append_predict.spider_pk10 - INFO -  6 hours ago is:20180903
2018-09-04 00:02:20,526 - append_predict.main - DEBUG - lottery_id: 201809030757
2018-09-04 00:02:20,529 - append_predict.main - INFO - lottery_num: 0
2018-09-04 00:02:20,529 - append_predict.main - ERROR - wait kaijiang. continue....
2018-09-04 00:02:26,545 - append_predict.spider_pk10 - INFO - base_date_forward_six:20180903
2018-09-04 00:02:26,545 - append_predict.spider_pk10 - INFO - base_date:20180904
2018-09-04 00:02:26,963 - append_predict.spider_pk10 - INFO -  6 hours ago is:20180903
2018-09-04 00:02:27,677 - append_predict.main - DEBUG - lottery_id: 201809030757
2018-09-04 00:02:27,680 - append_predict.main - INFO - lottery_num: 0
2018-09-04 00:02:27,680 - append_predict.main - ERROR - wait kaijiang. continue....
2018-09-04 00:02:32,453 - append_predict.spider_pk10 - INFO - base_date_forward_six:20180903
2018-09-04 00:02:32,453 - append_predict.spider_pk10 - INFO - base_date:20180904
2018-09-04 00:02:32,753 - append_predict.spider_pk10 - INFO -  6 hours ago is:20180903
2018-09-04 00:02:33,625 - append_predict.main - DEBUG - lottery_id: 201809030757
2018-09-04 00:02:33,627 - append_predict.main - INFO - lottery_num: 0
2018-09-04 00:02:33,627 - append_predict.main - ERROR - wait kaijiang. continue....
2018-09-04 00:02:39,119 - append_predict.spider_pk10 - INFO - base_date_forward_six:20180903
2018-09-04 00:02:39,119 - append_predict.spider_pk10 - INFO - base_date:20180904
2018-09-04 00:02:39,490 - append_predict.spider_pk10 - INFO -  6 hours ago is:20180903
2018-09-04 00:02:40,322 - append_predict.main - DEBUG - lottery_id: 201809030757
2018-09-04 00:02:40,322 - append_predict.main - INFO - lottery_num: 0
2018-09-04 00:02:40,322 - append_predict.main - ERROR - wait kaijiang. continue....
2018-09-04 00:02:45,865 - append_predict.spider_pk10 - INFO - base_date_forward_six:20180903
2018-09-04 00:02:45,865 - append_predict.spider_pk10 - INFO - base_date:20180904
2018-09-04 00:02:46,766 - append_predict.spider_pk10 - INFO -  6 hours ago is:20180903
2018-09-04 00:02:47,930 - append_predict.main - DEBUG - lottery_id: 201809030757
2018-09-04 00:02:47,931 - append_predict.main - INFO - lottery_num: 6,1,9,9,7
2018-09-04 00:02:47,933 - append_predict.main - DEBUG - mingci [1]: 0
2018-09-04 00:02:47,933 - append_predict.main - DEBUG - purchase_number_list[i]: [u'[-1']
2018-09-04 00:02:47,933 - append_predict.main - DEBUG - mingci [2]: 1
2018-09-04 00:02:47,933 - append_predict.main - DEBUG - purchase_number_list[i]: [u' -1']
2018-09-04 00:02:47,934 - append_predict.main - DEBUG - mingci [3]: 1
2018-09-04 00:02:47,934 - append_predict.main - DEBUG - purchase_number_list[i]: [u' -1']
2018-09-04 00:02:47,934 - append_predict.main - DEBUG - mingci [4]: 1
2018-09-04 00:02:47,934 - append_predict.main - DEBUG - purchase_number_list[i]: [u' -1']
2018-09-04 00:02:47,936 - append_predict.main - DEBUG - mingci [5]: 1
2018-09-04 00:02:47,938 - append_predict.main - DEBUG - purchase_number_list[i]: [u' -1]']
2018-09-04 00:02:47,938 - append_predict.main - DEBUG - ------all_count: 5  ----target_count: 0 
2018-09-04 00:02:47,938 - append_predict.main - DEBUG - target_count: 0.000000
2018-09-04 00:02:48,023 - append_predict.main - INFO - save predict_lottery_id : 201809030758
2018-09-04 00:02:48,023 - append_predict.main - INFO - save purchase_number_list : [-1, -1, -1, -1, -1]
2018-09-04 00:02:49,098 - append_predict.thread - INFO - start purchase
2018-09-04 00:02:52,703 - append_predict.spider_pk10 - INFO - base_date_forward_six:20180903
2018-09-04 00:02:52,704 - append_predict.spider_pk10 - INFO - base_date:20180904
2018-09-04 00:02:53,872 - append_predict.spider_pk10 - ERROR - spider pay interface faild! please exit process......  over purchase!!!
